This is pdfTeX, Version 3.14159265-2.6-1.40.17 (MiKTeX 2.9.6210 64-bit) (preloaded format=pdflatex 2017.1.18)  11 JUL 2017 17:51
entering extended mode
**./Arbeitstagebuch.tex
(Arbeitstagebuch.tex
LaTeX2e <2016/03/31> patch level 3
Babel <3.9r> and hyphenation patterns for 75 language(s) loaded.

("C:\Users\Timo Bergerbusch\AppData\Roaming\MiKTeX\2.9\tex\latex\koma-script\sc
rartcl.cls"
Document Class: scrartcl 2017/01/03 v3.22 KOMA-Script document class (article)

("C:\Users\Timo Bergerbusch\AppData\Roaming\MiKTeX\2.9\tex\latex\koma-script\sc
rkbase.sty"
Package: scrkbase 2017/01/03 v3.22 KOMA-Script package (KOMA-Script-dependent b
asics and keyval usage)

("C:\Users\Timo Bergerbusch\AppData\Roaming\MiKTeX\2.9\tex\latex\koma-script\sc
rbase.sty"
Package: scrbase 2017/01/03 v3.22 KOMA-Script package (KOMA-Script-independent 
basics and keyval usage)
 (D:\Tools\MikTex\tex\latex\graphics\keyval.sty
Package: keyval 2014/10/28 v1.15 key=value parser (DPC)
\KV@toks@=\toks14
)
("C:\Users\Timo Bergerbusch\AppData\Roaming\MiKTeX\2.9\tex\latex\koma-script\sc
rlfile.sty"
Package: scrlfile 2017/01/03 v3.22 KOMA-Script package (loading files)

Package scrlfile, 2017/01/03 v3.22 KOMA-Script package (loading files)
                  Copyright (C) Markus Kohm

)))
("C:\Users\Timo Bergerbusch\AppData\Roaming\MiKTeX\2.9\tex\latex\koma-script\to
cbasic.sty"
Package: tocbasic 2017/01/03 v3.22 KOMA-Script package (handling toc-files)
\scr@dte@tocline@numberwidth=\skip41
\scr@dte@tocline@numbox=\box26
)
Package tocbasic Info: omitting babel extension for `toc'
(tocbasic)             because of feature `nobabel' available
(tocbasic)             for `toc' on input line 130.
Package tocbasic Info: omitting babel extension for `lof'
(tocbasic)             because of feature `nobabel' available
(tocbasic)             for `lof' on input line 131.
Package tocbasic Info: omitting babel extension for `lot'
(tocbasic)             because of feature `nobabel' available
(tocbasic)             for `lot' on input line 132.
Package scrartcl Info: You've used standard option `11pt'.
(scrartcl)             This is correct!
(scrartcl)             Internally I'm using `fontsize=11pt'.
(scrartcl)             If you'd like to set the option with \KOMAoptions,
(scrartcl)             you'd have to use `fontsize=11pt' there
(scrartcl)             instead of `11pt', too.
Class scrartcl Info: File `scrsize11pt.clo' used to setup font sizes on input l
ine 2053.

("C:\Users\Timo Bergerbusch\AppData\Roaming\MiKTeX\2.9\tex\latex\koma-script\sc
rsize11pt.clo"
File: scrsize11pt.clo 2017/01/03 v3.22 KOMA-Script font size class option (11pt
)
)
("C:\Users\Timo Bergerbusch\AppData\Roaming\MiKTeX\2.9\tex\latex\koma-script\ty
pearea.sty"
Package: typearea 2017/01/03 v3.22 KOMA-Script package (type area)

Package typearea, 2017/01/03 v3.22 KOMA-Script package (type area)
                  Copyright (C) Frank Neukam, 1992-1994
                  Copyright (C) Markus Kohm, 1994-

\ta@bcor=\skip42
\ta@div=\count79
Package typearea Info: You've used standard option `a4paper'.
(typearea)             This is correct!
(typearea)             Internally I'm using `paper=a4'.
(typearea)             If you'd like to set the option with \KOMAoptions,
(typearea)             you'd have to use `paper=a4' there
(typearea)             instead of `a4paper', too.
\ta@hblk=\skip43
\ta@vblk=\skip44
\ta@temp=\skip45
\footheight=\skip46
DIV calculation for typearea with good linewidth.
Package typearea Info: These are the values describing the layout:
(typearea)             DIV  = 8
(typearea)             BCOR = 0.0pt
(typearea)             \paperwidth      = 597.50793pt
(typearea)              \textwidth      = 373.44246pt
(typearea)              DIV departure   = 0%
(typearea)              \evensidemargin = 39.76274pt
(typearea)              \oddsidemargin  = 39.76274pt
(typearea)             \paperheight     = 845.04694pt
(typearea)              \textheight     = 541.40024pt
(typearea)              \topmargin      = -4.03914pt
(typearea)              \headheight     = 17.0pt
(typearea)              \headsep        = 20.40001pt
(typearea)              \topskip        = 11.0pt
(typearea)              \footskip       = 47.6pt
(typearea)              \baselineskip   = 13.6pt
(typearea)              on input line 1583.
)
\c@part=\count80
\c@section=\count81
\c@subsection=\count82
\c@subsubsection=\count83
\c@paragraph=\count84
\c@subparagraph=\count85
\scr@dte@part@maxnumwidth=\skip47
\scr@dte@section@maxnumwidth=\skip48
\scr@dte@subsection@maxnumwidth=\skip49
\scr@dte@subsubsection@maxnumwidth=\skip50
\scr@dte@paragraph@maxnumwidth=\skip51
\scr@dte@subparagraph@maxnumwidth=\skip52
LaTeX Info: Redefining \textsubscript on input line 4076.
\abovecaptionskip=\skip53
\belowcaptionskip=\skip54
\c@pti@nb@sid@b@x=\box27
\c@figure=\count86
\c@table=\count87
Class scrartcl Info: Redefining `\numberline' on input line 5125.
\bibindent=\dimen102
) (D:\Tools\MikTex\tex\latex\base\fontenc.sty
Package: fontenc 2016/06/19 v1.99m Standard LaTeX package

(D:\Tools\MikTex\tex\latex\base\t1enc.def
File: t1enc.def 2016/06/19 v1.99m Standard LaTeX file
LaTeX Font Info:    Redeclaring font encoding T1 on input line 48.
))
(D:\Tools\MikTex\tex\latex\base\inputenc.sty
Package: inputenc 2015/03/17 v1.2c Input encoding file
\inpenc@prehook=\toks15
\inpenc@posthook=\toks16

(D:\Tools\MikTex\tex\latex\base\utf8.def
File: utf8.def 2016/02/28 v1.1s UTF-8 support for inputenc
Now handling font encoding OML ...
... no UTF-8 mapping file for font encoding OML
Now handling font encoding T1 ...
... processing UTF-8 mapping file for font encoding T1

(D:\Tools\MikTex\tex\latex\base\t1enc.dfu
File: t1enc.dfu 2016/02/28 v1.1s UTF-8 support for inputenc
   defining Unicode char U+00A0 (decimal 160)
   defining Unicode char U+00A1 (decimal 161)
   defining Unicode char U+00A3 (decimal 163)
   defining Unicode char U+00AB (decimal 171)
   defining Unicode char U+00AD (decimal 173)
   defining Unicode char U+00BB (decimal 187)
   defining Unicode char U+00BF (decimal 191)
   defining Unicode char U+00C0 (decimal 192)
   defining Unicode char U+00C1 (decimal 193)
   defining Unicode char U+00C2 (decimal 194)
   defining Unicode char U+00C3 (decimal 195)
   defining Unicode char U+00C4 (decimal 196)
   defining Unicode char U+00C5 (decimal 197)
   defining Unicode char U+00C6 (decimal 198)
   defining Unicode char U+00C7 (decimal 199)
   defining Unicode char U+00C8 (decimal 200)
   defining Unicode char U+00C9 (decimal 201)
   defining Unicode char U+00CA (decimal 202)
   defining Unicode char U+00CB (decimal 203)
   defining Unicode char U+00CC (decimal 204)
   defining Unicode char U+00CD (decimal 205)
   defining Unicode char U+00CE (decimal 206)
   defining Unicode char U+00CF (decimal 207)
   defining Unicode char U+00D0 (decimal 208)
   defining Unicode char U+00D1 (decimal 209)
   defining Unicode char U+00D2 (decimal 210)
   defining Unicode char U+00D3 (decimal 211)
   defining Unicode char U+00D4 (decimal 212)
   defining Unicode char U+00D5 (decimal 213)
   defining Unicode char U+00D6 (decimal 214)
   defining Unicode char U+00D8 (decimal 216)
   defining Unicode char U+00D9 (decimal 217)
   defining Unicode char U+00DA (decimal 218)
   defining Unicode char U+00DB (decimal 219)
   defining Unicode char U+00DC (decimal 220)
   defining Unicode char U+00DD (decimal 221)
   defining Unicode char U+00DE (decimal 222)
   defining Unicode char U+00DF (decimal 223)
   defining Unicode char U+00E0 (decimal 224)
   defining Unicode char U+00E1 (decimal 225)
   defining Unicode char U+00E2 (decimal 226)
   defining Unicode char U+00E3 (decimal 227)
   defining Unicode char U+00E4 (decimal 228)
   defining Unicode char U+00E5 (decimal 229)
   defining Unicode char U+00E6 (decimal 230)
   defining Unicode char U+00E7 (decimal 231)
   defining Unicode char U+00E8 (decimal 232)
   defining Unicode char U+00E9 (decimal 233)
   defining Unicode char U+00EA (decimal 234)
   defining Unicode char U+00EB (decimal 235)
   defining Unicode char U+00EC (decimal 236)
   defining Unicode char U+00ED (decimal 237)
   defining Unicode char U+00EE (decimal 238)
   defining Unicode char U+00EF (decimal 239)
   defining Unicode char U+00F0 (decimal 240)
   defining Unicode char U+00F1 (decimal 241)
   defining Unicode char U+00F2 (decimal 242)
   defining Unicode char U+00F3 (decimal 243)
   defining Unicode char U+00F4 (decimal 244)
   defining Unicode char U+00F5 (decimal 245)
   defining Unicode char U+00F6 (decimal 246)
   defining Unicode char U+00F8 (decimal 248)
   defining Unicode char U+00F9 (decimal 249)
   defining Unicode char U+00FA (decimal 250)
   defining Unicode char U+00FB (decimal 251)
   defining Unicode char U+00FC (decimal 252)
   defining Unicode char U+00FD (decimal 253)
   defining Unicode char U+00FE (decimal 254)
   defining Unicode char U+00FF (decimal 255)
   defining Unicode char U+0100 (decimal 256)
   defining Unicode char U+0101 (decimal 257)
   defining Unicode char U+0102 (decimal 258)
   defining Unicode char U+0103 (decimal 259)
   defining Unicode char U+0104 (decimal 260)
   defining Unicode char U+0105 (decimal 261)
   defining Unicode char U+0106 (decimal 262)
   defining Unicode char U+0107 (decimal 263)
   defining Unicode char U+0108 (decimal 264)
   defining Unicode char U+0109 (decimal 265)
   defining Unicode char U+010A (decimal 266)
   defining Unicode char U+010B (decimal 267)
   defining Unicode char U+010C (decimal 268)
   defining Unicode char U+010D (decimal 269)
   defining Unicode char U+010E (decimal 270)
   defining Unicode char U+010F (decimal 271)
   defining Unicode char U+0110 (decimal 272)
   defining Unicode char U+0111 (decimal 273)
   defining Unicode char U+0112 (decimal 274)
   defining Unicode char U+0113 (decimal 275)
   defining Unicode char U+0114 (decimal 276)
   defining Unicode char U+0115 (decimal 277)
   defining Unicode char U+0116 (decimal 278)
   defining Unicode char U+0117 (decimal 279)
   defining Unicode char U+0118 (decimal 280)
   defining Unicode char U+0119 (decimal 281)
   defining Unicode char U+011A (decimal 282)
   defining Unicode char U+011B (decimal 283)
   defining Unicode char U+011C (decimal 284)
   defining Unicode char U+011D (decimal 285)
   defining Unicode char U+011E (decimal 286)
   defining Unicode char U+011F (decimal 287)
   defining Unicode char U+0120 (decimal 288)
   defining Unicode char U+0121 (decimal 289)
   defining Unicode char U+0122 (decimal 290)
   defining Unicode char U+0123 (decimal 291)
   defining Unicode char U+0124 (decimal 292)
   defining Unicode char U+0125 (decimal 293)
   defining Unicode char U+0128 (decimal 296)
   defining Unicode char U+0129 (decimal 297)
   defining Unicode char U+012A (decimal 298)
   defining Unicode char U+012B (decimal 299)
   defining Unicode char U+012C (decimal 300)
   defining Unicode char U+012D (decimal 301)
   defining Unicode char U+012E (decimal 302)
   defining Unicode char U+012F (decimal 303)
   defining Unicode char U+0130 (decimal 304)
   defining Unicode char U+0131 (decimal 305)
   defining Unicode char U+0132 (decimal 306)
   defining Unicode char U+0133 (decimal 307)
   defining Unicode char U+0134 (decimal 308)
   defining Unicode char U+0135 (decimal 309)
   defining Unicode char U+0136 (decimal 310)
   defining Unicode char U+0137 (decimal 311)
   defining Unicode char U+0139 (decimal 313)
   defining Unicode char U+013A (decimal 314)
   defining Unicode char U+013B (decimal 315)
   defining Unicode char U+013C (decimal 316)
   defining Unicode char U+013D (decimal 317)
   defining Unicode char U+013E (decimal 318)
   defining Unicode char U+0141 (decimal 321)
   defining Unicode char U+0142 (decimal 322)
   defining Unicode char U+0143 (decimal 323)
   defining Unicode char U+0144 (decimal 324)
   defining Unicode char U+0145 (decimal 325)
   defining Unicode char U+0146 (decimal 326)
   defining Unicode char U+0147 (decimal 327)
   defining Unicode char U+0148 (decimal 328)
   defining Unicode char U+014A (decimal 330)
   defining Unicode char U+014B (decimal 331)
   defining Unicode char U+014C (decimal 332)
   defining Unicode char U+014D (decimal 333)
   defining Unicode char U+014E (decimal 334)
   defining Unicode char U+014F (decimal 335)
   defining Unicode char U+0150 (decimal 336)
   defining Unicode char U+0151 (decimal 337)
   defining Unicode char U+0152 (decimal 338)
   defining Unicode char U+0153 (decimal 339)
   defining Unicode char U+0154 (decimal 340)
   defining Unicode char U+0155 (decimal 341)
   defining Unicode char U+0156 (decimal 342)
   defining Unicode char U+0157 (decimal 343)
   defining Unicode char U+0158 (decimal 344)
   defining Unicode char U+0159 (decimal 345)
   defining Unicode char U+015A (decimal 346)
   defining Unicode char U+015B (decimal 347)
   defining Unicode char U+015C (decimal 348)
   defining Unicode char U+015D (decimal 349)
   defining Unicode char U+015E (decimal 350)
   defining Unicode char U+015F (decimal 351)
   defining Unicode char U+0160 (decimal 352)
   defining Unicode char U+0161 (decimal 353)
   defining Unicode char U+0162 (decimal 354)
   defining Unicode char U+0163 (decimal 355)
   defining Unicode char U+0164 (decimal 356)
   defining Unicode char U+0165 (decimal 357)
   defining Unicode char U+0168 (decimal 360)
   defining Unicode char U+0169 (decimal 361)
   defining Unicode char U+016A (decimal 362)
   defining Unicode char U+016B (decimal 363)
   defining Unicode char U+016C (decimal 364)
   defining Unicode char U+016D (decimal 365)
   defining Unicode char U+016E (decimal 366)
   defining Unicode char U+016F (decimal 367)
   defining Unicode char U+0170 (decimal 368)
   defining Unicode char U+0171 (decimal 369)
   defining Unicode char U+0172 (decimal 370)
   defining Unicode char U+0173 (decimal 371)
   defining Unicode char U+0174 (decimal 372)
   defining Unicode char U+0175 (decimal 373)
   defining Unicode char U+0176 (decimal 374)
   defining Unicode char U+0177 (decimal 375)
   defining Unicode char U+0178 (decimal 376)
   defining Unicode char U+0179 (decimal 377)
   defining Unicode char U+017A (decimal 378)
   defining Unicode char U+017B (decimal 379)
   defining Unicode char U+017C (decimal 380)
   defining Unicode char U+017D (decimal 381)
   defining Unicode char U+017E (decimal 382)
   defining Unicode char U+01CD (decimal 461)
   defining Unicode char U+01CE (decimal 462)
   defining Unicode char U+01CF (decimal 463)
   defining Unicode char U+01D0 (decimal 464)
   defining Unicode char U+01D1 (decimal 465)
   defining Unicode char U+01D2 (decimal 466)
   defining Unicode char U+01D3 (decimal 467)
   defining Unicode char U+01D4 (decimal 468)
   defining Unicode char U+01E2 (decimal 482)
   defining Unicode char U+01E3 (decimal 483)
   defining Unicode char U+01E6 (decimal 486)
   defining Unicode char U+01E7 (decimal 487)
   defining Unicode char U+01E8 (decimal 488)
   defining Unicode char U+01E9 (decimal 489)
   defining Unicode char U+01EA (decimal 490)
   defining Unicode char U+01EB (decimal 491)
   defining Unicode char U+01F0 (decimal 496)
   defining Unicode char U+01F4 (decimal 500)
   defining Unicode char U+01F5 (decimal 501)
   defining Unicode char U+0218 (decimal 536)
   defining Unicode char U+0219 (decimal 537)
   defining Unicode char U+021A (decimal 538)
   defining Unicode char U+021B (decimal 539)
   defining Unicode char U+1E02 (decimal 7682)
   defining Unicode char U+1E03 (decimal 7683)
   defining Unicode char U+200C (decimal 8204)
   defining Unicode char U+2010 (decimal 8208)
   defining Unicode char U+2011 (decimal 8209)
   defining Unicode char U+2012 (decimal 8210)
   defining Unicode char U+2013 (decimal 8211)
   defining Unicode char U+2014 (decimal 8212)
   defining Unicode char U+2015 (decimal 8213)
   defining Unicode char U+2018 (decimal 8216)
   defining Unicode char U+2019 (decimal 8217)
   defining Unicode char U+201A (decimal 8218)
   defining Unicode char U+201C (decimal 8220)
   defining Unicode char U+201D (decimal 8221)
   defining Unicode char U+201E (decimal 8222)
   defining Unicode char U+2030 (decimal 8240)
   defining Unicode char U+2031 (decimal 8241)
   defining Unicode char U+2039 (decimal 8249)
   defining Unicode char U+203A (decimal 8250)
   defining Unicode char U+2423 (decimal 9251)
)
Now handling font encoding OT1 ...
... processing UTF-8 mapping file for font encoding OT1

(D:\Tools\MikTex\tex\latex\base\ot1enc.dfu
File: ot1enc.dfu 2016/02/28 v1.1s UTF-8 support for inputenc
   defining Unicode char U+00A0 (decimal 160)
   defining Unicode char U+00A1 (decimal 161)
   defining Unicode char U+00A3 (decimal 163)
   defining Unicode char U+00AD (decimal 173)
   defining Unicode char U+00B8 (decimal 184)
   defining Unicode char U+00BF (decimal 191)
   defining Unicode char U+00C5 (decimal 197)
   defining Unicode char U+00C6 (decimal 198)
   defining Unicode char U+00D8 (decimal 216)
   defining Unicode char U+00DF (decimal 223)
   defining Unicode char U+00E6 (decimal 230)
   defining Unicode char U+00EC (decimal 236)
   defining Unicode char U+00ED (decimal 237)
   defining Unicode char U+00EE (decimal 238)
   defining Unicode char U+00EF (decimal 239)
   defining Unicode char U+00F8 (decimal 248)
   defining Unicode char U+0131 (decimal 305)
   defining Unicode char U+0141 (decimal 321)
   defining Unicode char U+0142 (decimal 322)
   defining Unicode char U+0152 (decimal 338)
   defining Unicode char U+0153 (decimal 339)
   defining Unicode char U+0174 (decimal 372)
   defining Unicode char U+0175 (decimal 373)
   defining Unicode char U+0176 (decimal 374)
   defining Unicode char U+0177 (decimal 375)
   defining Unicode char U+0218 (decimal 536)
   defining Unicode char U+0219 (decimal 537)
   defining Unicode char U+021A (decimal 538)
   defining Unicode char U+021B (decimal 539)
   defining Unicode char U+2013 (decimal 8211)
   defining Unicode char U+2014 (decimal 8212)
   defining Unicode char U+2018 (decimal 8216)
   defining Unicode char U+2019 (decimal 8217)
   defining Unicode char U+201C (decimal 8220)
   defining Unicode char U+201D (decimal 8221)
)
Now handling font encoding OMS ...
... processing UTF-8 mapping file for font encoding OMS

(D:\Tools\MikTex\tex\latex\base\omsenc.dfu
File: omsenc.dfu 2016/02/28 v1.1s UTF-8 support for inputenc
   defining Unicode char U+00A7 (decimal 167)
   defining Unicode char U+00B6 (decimal 182)
   defining Unicode char U+00B7 (decimal 183)
   defining Unicode char U+2020 (decimal 8224)
   defining Unicode char U+2021 (decimal 8225)
   defining Unicode char U+2022 (decimal 8226)
)
Now handling font encoding OMX ...
... no UTF-8 mapping file for font encoding OMX
Now handling font encoding U ...
... no UTF-8 mapping file for font encoding U
   defining Unicode char U+00A9 (decimal 169)
   defining Unicode char U+00AA (decimal 170)
   defining Unicode char U+00AE (decimal 174)
   defining Unicode char U+00BA (decimal 186)
   defining Unicode char U+02C6 (decimal 710)
   defining Unicode char U+02DC (decimal 732)
   defining Unicode char U+200C (decimal 8204)
   defining Unicode char U+2026 (decimal 8230)
   defining Unicode char U+2122 (decimal 8482)
   defining Unicode char U+2423 (decimal 9251)
))
(D:\Tools\MikTex\tex\generic\babel\babel.sty
Package: babel 2016/04/23 3.9r The Babel package

(D:\Tools\MikTex\tex\latex\babel-german\ngerman.ldf
Language: ngerman 2016/11/02 v2.9 German support for babel (new orthography)

(D:\Tools\MikTex\tex\latex\babel-german\ngermanb.ldf
Language: ngermanb 2016/11/02 v2.9 German support for babel (new orthography)

(D:\Tools\MikTex\tex\generic\babel\babel.def
File: babel.def 2016/04/23 3.9r Babel common definitions
\babel@savecnt=\count88
\U@D=\dimen103
)
Package babel Info: Making " an active character on input line 125.
)))
("C:\Users\Timo Bergerbusch\AppData\Roaming\MiKTeX\2.9\tex\latex\libertine\libe
rtine.sty"
Package: libertine 2017/03/22 (Bob Tennent) Supports Libertine and Biolinum fon
ts for all LaTeX engines.
 (D:\Tools\MikTex\tex\generic\ifxetex\ifxetex.sty
Package: ifxetex 2010/09/12 v0.6 Provides ifxetex conditional
)
(D:\Tools\MikTex\tex\generic\oberdiek\ifluatex.sty
Package: ifluatex 2016/05/16 v1.4 Provides the ifluatex switch (HO)
Package ifluatex Info: LuaTeX not detected.
)
(D:\Tools\MikTex\tex\latex\xkeyval\xkeyval.sty
Package: xkeyval 2014/12/03 v2.7a package option processing (HA)

(D:\Tools\MikTex\tex\generic\xkeyval\xkeyval.tex
(D:\Tools\MikTex\tex\generic\xkeyval\xkvutils.tex
\XKV@toks=\toks17
\XKV@tempa@toks=\toks18
)
\XKV@depth=\count89
File: xkeyval.tex 2014/12/03 v2.7a key=value parser (HA)
))
(D:\Tools\MikTex\tex\latex\base\textcomp.sty
Package: textcomp 2016/06/19 v1.99m Standard LaTeX package
Package textcomp Info: Sub-encoding information:
(textcomp)               5 = only ISO-Adobe without \textcurrency
(textcomp)               4 = 5 + \texteuro
(textcomp)               3 = 4 + \textohm
(textcomp)               2 = 3 + \textestimated + \textcurrency
(textcomp)               1 = TS1 - \textcircled - \t
(textcomp)               0 = TS1 (full)
(textcomp)             Font families with sub-encoding setting implement
(textcomp)             only a restricted character set as indicated.
(textcomp)             Family '?' is the default used for unknown fonts.
(textcomp)             See the documentation for details.
Package textcomp Info: Setting ? sub-encoding to TS1/1 on input line 79.

(D:\Tools\MikTex\tex\latex\base\ts1enc.def
File: ts1enc.def 2001/06/05 v3.0e (jk/car/fm) Standard LaTeX file
Now handling font encoding TS1 ...
... processing UTF-8 mapping file for font encoding TS1

(D:\Tools\MikTex\tex\latex\base\ts1enc.dfu
File: ts1enc.dfu 2016/02/28 v1.1s UTF-8 support for inputenc
   defining Unicode char U+00A2 (decimal 162)
   defining Unicode char U+00A3 (decimal 163)
   defining Unicode char U+00A4 (decimal 164)
   defining Unicode char U+00A5 (decimal 165)
   defining Unicode char U+00A6 (decimal 166)
   defining Unicode char U+00A7 (decimal 167)
   defining Unicode char U+00A8 (decimal 168)
   defining Unicode char U+00A9 (decimal 169)
   defining Unicode char U+00AA (decimal 170)
   defining Unicode char U+00AC (decimal 172)
   defining Unicode char U+00AE (decimal 174)
   defining Unicode char U+00AF (decimal 175)
   defining Unicode char U+00B0 (decimal 176)
   defining Unicode char U+00B1 (decimal 177)
   defining Unicode char U+00B2 (decimal 178)
   defining Unicode char U+00B3 (decimal 179)
   defining Unicode char U+00B4 (decimal 180)
   defining Unicode char U+00B5 (decimal 181)
   defining Unicode char U+00B6 (decimal 182)
   defining Unicode char U+00B7 (decimal 183)
   defining Unicode char U+00B9 (decimal 185)
   defining Unicode char U+00BA (decimal 186)
   defining Unicode char U+00BC (decimal 188)
   defining Unicode char U+00BD (decimal 189)
   defining Unicode char U+00BE (decimal 190)
   defining Unicode char U+00D7 (decimal 215)
   defining Unicode char U+00F7 (decimal 247)
   defining Unicode char U+0192 (decimal 402)
   defining Unicode char U+02C7 (decimal 711)
   defining Unicode char U+02D8 (decimal 728)
   defining Unicode char U+02DD (decimal 733)
   defining Unicode char U+0E3F (decimal 3647)
   defining Unicode char U+2016 (decimal 8214)
   defining Unicode char U+2020 (decimal 8224)
   defining Unicode char U+2021 (decimal 8225)
   defining Unicode char U+2022 (decimal 8226)
   defining Unicode char U+2030 (decimal 8240)
   defining Unicode char U+2031 (decimal 8241)
   defining Unicode char U+203B (decimal 8251)
   defining Unicode char U+203D (decimal 8253)
   defining Unicode char U+2044 (decimal 8260)
   defining Unicode char U+204E (decimal 8270)
   defining Unicode char U+2052 (decimal 8274)
   defining Unicode char U+20A1 (decimal 8353)
   defining Unicode char U+20A4 (decimal 8356)
   defining Unicode char U+20A6 (decimal 8358)
   defining Unicode char U+20A9 (decimal 8361)
   defining Unicode char U+20AB (decimal 8363)
   defining Unicode char U+20AC (decimal 8364)
   defining Unicode char U+20B1 (decimal 8369)
   defining Unicode char U+2103 (decimal 8451)
   defining Unicode char U+2116 (decimal 8470)
   defining Unicode char U+2117 (decimal 8471)
   defining Unicode char U+211E (decimal 8478)
   defining Unicode char U+2120 (decimal 8480)
   defining Unicode char U+2122 (decimal 8482)
   defining Unicode char U+2126 (decimal 8486)
   defining Unicode char U+2127 (decimal 8487)
   defining Unicode char U+212E (decimal 8494)
   defining Unicode char U+2190 (decimal 8592)
   defining Unicode char U+2191 (decimal 8593)
   defining Unicode char U+2192 (decimal 8594)
   defining Unicode char U+2193 (decimal 8595)
   defining Unicode char U+2329 (decimal 9001)
   defining Unicode char U+232A (decimal 9002)
   defining Unicode char U+2422 (decimal 9250)
   defining Unicode char U+25E6 (decimal 9702)
   defining Unicode char U+25EF (decimal 9711)
   defining Unicode char U+266A (decimal 9834)
))
LaTeX Info: Redefining \oldstylenums on input line 334.
Package textcomp Info: Setting cmr sub-encoding to TS1/0 on input line 349.
Package textcomp Info: Setting cmss sub-encoding to TS1/0 on input line 350.
Package textcomp Info: Setting cmtt sub-encoding to TS1/0 on input line 351.
Package textcomp Info: Setting cmvtt sub-encoding to TS1/0 on input line 352.
Package textcomp Info: Setting cmbr sub-encoding to TS1/0 on input line 353.
Package textcomp Info: Setting cmtl sub-encoding to TS1/0 on input line 354.
Package textcomp Info: Setting ccr sub-encoding to TS1/0 on input line 355.
Package textcomp Info: Setting ptm sub-encoding to TS1/4 on input line 356.
Package textcomp Info: Setting pcr sub-encoding to TS1/4 on input line 357.
Package textcomp Info: Setting phv sub-encoding to TS1/4 on input line 358.
Package textcomp Info: Setting ppl sub-encoding to TS1/3 on input line 359.
Package textcomp Info: Setting pag sub-encoding to TS1/4 on input line 360.
Package textcomp Info: Setting pbk sub-encoding to TS1/4 on input line 361.
Package textcomp Info: Setting pnc sub-encoding to TS1/4 on input line 362.
Package textcomp Info: Setting pzc sub-encoding to TS1/4 on input line 363.
Package textcomp Info: Setting bch sub-encoding to TS1/4 on input line 364.
Package textcomp Info: Setting put sub-encoding to TS1/5 on input line 365.
Package textcomp Info: Setting uag sub-encoding to TS1/5 on input line 366.
Package textcomp Info: Setting ugq sub-encoding to TS1/5 on input line 367.
Package textcomp Info: Setting ul8 sub-encoding to TS1/4 on input line 368.
Package textcomp Info: Setting ul9 sub-encoding to TS1/4 on input line 369.
Package textcomp Info: Setting augie sub-encoding to TS1/5 on input line 370.
Package textcomp Info: Setting dayrom sub-encoding to TS1/3 on input line 371.
Package textcomp Info: Setting dayroms sub-encoding to TS1/3 on input line 372.

Package textcomp Info: Setting pxr sub-encoding to TS1/0 on input line 373.
Package textcomp Info: Setting pxss sub-encoding to TS1/0 on input line 374.
Package textcomp Info: Setting pxtt sub-encoding to TS1/0 on input line 375.
Package textcomp Info: Setting txr sub-encoding to TS1/0 on input line 376.
Package textcomp Info: Setting txss sub-encoding to TS1/0 on input line 377.
Package textcomp Info: Setting txtt sub-encoding to TS1/0 on input line 378.
Package textcomp Info: Setting lmr sub-encoding to TS1/0 on input line 379.
Package textcomp Info: Setting lmdh sub-encoding to TS1/0 on input line 380.
Package textcomp Info: Setting lmss sub-encoding to TS1/0 on input line 381.
Package textcomp Info: Setting lmssq sub-encoding to TS1/0 on input line 382.
Package textcomp Info: Setting lmvtt sub-encoding to TS1/0 on input line 383.
Package textcomp Info: Setting lmtt sub-encoding to TS1/0 on input line 384.
Package textcomp Info: Setting qhv sub-encoding to TS1/0 on input line 385.
Package textcomp Info: Setting qag sub-encoding to TS1/0 on input line 386.
Package textcomp Info: Setting qbk sub-encoding to TS1/0 on input line 387.
Package textcomp Info: Setting qcr sub-encoding to TS1/0 on input line 388.
Package textcomp Info: Setting qcs sub-encoding to TS1/0 on input line 389.
Package textcomp Info: Setting qpl sub-encoding to TS1/0 on input line 390.
Package textcomp Info: Setting qtm sub-encoding to TS1/0 on input line 391.
Package textcomp Info: Setting qzc sub-encoding to TS1/0 on input line 392.
Package textcomp Info: Setting qhvc sub-encoding to TS1/0 on input line 393.
Package textcomp Info: Setting futs sub-encoding to TS1/4 on input line 394.
Package textcomp Info: Setting futx sub-encoding to TS1/4 on input line 395.
Package textcomp Info: Setting futj sub-encoding to TS1/4 on input line 396.
Package textcomp Info: Setting hlh sub-encoding to TS1/3 on input line 397.
Package textcomp Info: Setting hls sub-encoding to TS1/3 on input line 398.
Package textcomp Info: Setting hlst sub-encoding to TS1/3 on input line 399.
Package textcomp Info: Setting hlct sub-encoding to TS1/5 on input line 400.
Package textcomp Info: Setting hlx sub-encoding to TS1/5 on input line 401.
Package textcomp Info: Setting hlce sub-encoding to TS1/5 on input line 402.
Package textcomp Info: Setting hlcn sub-encoding to TS1/5 on input line 403.
Package textcomp Info: Setting hlcw sub-encoding to TS1/5 on input line 404.
Package textcomp Info: Setting hlcf sub-encoding to TS1/5 on input line 405.
Package textcomp Info: Setting pplx sub-encoding to TS1/3 on input line 406.
Package textcomp Info: Setting pplj sub-encoding to TS1/3 on input line 407.
Package textcomp Info: Setting ptmx sub-encoding to TS1/4 on input line 408.
Package textcomp Info: Setting ptmj sub-encoding to TS1/4 on input line 409.
)
("C:\Users\Timo Bergerbusch\AppData\Roaming\MiKTeX\2.9\tex\latex\mweights\mweig
hts.sty"
Package: mweights 2017/03/30 (Bob Tennent) Support package for multiple-weight 
font packages. 
LaTeX Info: Redefining \bfseries on input line 22.
LaTeX Info: Redefining \mdseries on input line 30.
LaTeX Info: Redefining \rmfamily on input line 38.
LaTeX Info: Redefining \sffamily on input line 66.
LaTeX Info: Redefining \ttfamily on input line 94.
) (D:\Tools\MikTex\tex\latex\base\fontenc.sty
Package: fontenc 2016/06/19 v1.99m Standard LaTeX package
)
("C:\Users\Timo Bergerbusch\AppData\Roaming\MiKTeX\2.9\tex\latex\fontaxes\fonta
xes.sty"
Package: fontaxes 2014/03/23 v1.0d Font selection axes
LaTeX Info: Redefining \upshape on input line 29.
LaTeX Info: Redefining \itshape on input line 31.
LaTeX Info: Redefining \slshape on input line 33.
LaTeX Info: Redefining \scshape on input line 37.
)
LaTeX Info: Redefining \oldstylenums on input line 481.

("C:\Users\Timo Bergerbusch\AppData\Roaming\MiKTeX\2.9\tex\latex\libertine\LinL
ibertine_I.tex"))
("C:\Users\Timo Bergerbusch\AppData\Roaming\MiKTeX\2.9\tex\latex\microtype\micr
otype.sty"
Package: microtype 2016/05/14 v2.6a Micro-typographical refinements (RS)
\MT@toks=\toks19
\MT@count=\count90
LaTeX Info: Redefining \textls on input line 774.
\MT@outer@kern=\dimen104
LaTeX Info: Redefining \textmicrotypecontext on input line 1310.
\MT@listname@count=\count91

("C:\Users\Timo Bergerbusch\AppData\Roaming\MiKTeX\2.9\tex\latex\microtype\micr
otype-pdftex.def"
File: microtype-pdftex.def 2016/05/14 v2.6a Definitions specific to pdftex (RS)

LaTeX Info: Redefining \lsstyle on input line 916.
LaTeX Info: Redefining \lslig on input line 916.
\MT@outer@space=\skip55
)
Package microtype Info: Loading configuration file microtype.cfg.

("C:\Users\Timo Bergerbusch\AppData\Roaming\MiKTeX\2.9\tex\latex\microtype\micr
otype.cfg"
File: microtype.cfg 2016/05/14 v2.6a microtype main configuration file (RS)
))
("C:\Users\Timo Bergerbusch\AppData\Roaming\MiKTeX\2.9\tex\latex\setspace\setsp
ace.sty"
Package: setspace 2011/12/19 v6.7a set line spacing
) (D:\Tools\MikTex\tex\latex\hyperref\hyperref.sty
Package: hyperref 2016/06/24 v6.83q Hypertext links for LaTeX

(D:\Tools\MikTex\tex\generic\oberdiek\hobsub-hyperref.sty
Package: hobsub-hyperref 2016/05/16 v1.14 Bundle oberdiek, subset hyperref (HO)


(D:\Tools\MikTex\tex\generic\oberdiek\hobsub-generic.sty
Package: hobsub-generic 2016/05/16 v1.14 Bundle oberdiek, subset generic (HO)
Package: hobsub 2016/05/16 v1.14 Construct package bundles (HO)
Package: infwarerr 2016/05/16 v1.4 Providing info/warning/error messages (HO)
Package: ltxcmds 2016/05/16 v1.23 LaTeX kernel commands for general use (HO)
Package hobsub Info: Skipping package `ifluatex' (already loaded).
Package: ifvtex 2016/05/16 v1.6 Detect VTeX and its facilities (HO)
Package ifvtex Info: VTeX not detected.
Package: intcalc 2016/05/16 v1.2 Expandable calculations with integers (HO)
Package: ifpdf 2016/05/14 v3.1 Provides the ifpdf switch
Package: etexcmds 2016/05/16 v1.6 Avoid name clashes with e-TeX commands (HO)
Package etexcmds Info: Could not find \expanded.
(etexcmds)             That can mean that you are not using pdfTeX 1.50 or
(etexcmds)             that some package has redefined \expanded.
(etexcmds)             In the latter case, load this package earlier.
Package: kvsetkeys 2016/05/16 v1.17 Key value parser (HO)
Package: kvdefinekeys 2016/05/16 v1.4 Define keys (HO)
Package: pdftexcmds 2016/05/21 v0.22 Utility functions of pdfTeX for LuaTeX (HO
)
Package pdftexcmds Info: LuaTeX not detected.
Package pdftexcmds Info: \pdf@primitive is available.
Package pdftexcmds Info: \pdf@ifprimitive is available.
Package pdftexcmds Info: \pdfdraftmode found.
Package: pdfescape 2016/05/16 v1.14 Implements pdfTeX's escape features (HO)
Package: bigintcalc 2016/05/16 v1.4 Expandable calculations on big integers (HO
)
Package: bitset 2016/05/16 v1.2 Handle bit-vector datatype (HO)
Package: uniquecounter 2016/05/16 v1.3 Provide unlimited unique counter (HO)
)
Package hobsub Info: Skipping package `hobsub' (already loaded).
Package: letltxmacro 2016/05/16 v1.5 Let assignment for LaTeX macros (HO)
Package: hopatch 2016/05/16 v1.3 Wrapper for package hooks (HO)
Package: xcolor-patch 2016/05/16 xcolor patch
Package: atveryend 2016/05/16 v1.9 Hooks at the very end of document (HO)
Package atveryend Info: \enddocument detected (standard20110627).
Package: atbegshi 2016/06/09 v1.18 At begin shipout hook (HO)
Package: refcount 2016/05/16 v3.5 Data extraction from label references (HO)
Package: hycolor 2016/05/16 v1.8 Color options for hyperref/bookmark (HO)
)
(D:\Tools\MikTex\tex\latex\oberdiek\auxhook.sty
Package: auxhook 2016/05/16 v1.4 Hooks for auxiliary files (HO)
)
(D:\Tools\MikTex\tex\latex\oberdiek\kvoptions.sty
Package: kvoptions 2016/05/16 v3.12 Key value format for package options (HO)
)
\@linkdim=\dimen105
\Hy@linkcounter=\count92
\Hy@pagecounter=\count93

(D:\Tools\MikTex\tex\latex\hyperref\pd1enc.def
File: pd1enc.def 2016/06/24 v6.83q Hyperref: PDFDocEncoding definition (HO)
Now handling font encoding PD1 ...
... no UTF-8 mapping file for font encoding PD1
)
\Hy@SavedSpaceFactor=\count94

(D:\Tools\MikTex\tex\latex\00miktex\hyperref.cfg
File: hyperref.cfg 2002/06/06 v1.2 hyperref configuration of TeXLive
)
Package hyperref Info: Option `colorlinks' set `false' on input line 4362.
Package hyperref Info: Option `bookmarksnumbered' set `true' on input line 4362
.
Package hyperref Info: Hyper figures OFF on input line 4486.
Package hyperref Info: Link nesting OFF on input line 4491.
Package hyperref Info: Hyper index ON on input line 4494.
Package hyperref Info: Plain pages OFF on input line 4501.
Package hyperref Info: Backreferencing OFF on input line 4506.
Package hyperref Info: Implicit mode ON; LaTeX internals redefined.
Package hyperref Info: Bookmarks ON on input line 4735.
\c@Hy@tempcnt=\count95

("C:\Users\Timo Bergerbusch\AppData\Roaming\MiKTeX\2.9\tex\latex\url\url.sty"
\Urlmuskip=\muskip10
Package: url 2013/09/16  ver 3.4  Verb mode for urls, etc.
)
LaTeX Info: Redefining \url on input line 5088.
\XeTeXLinkMargin=\dimen106
\Fld@menulength=\count96
\Field@Width=\dimen107
\Fld@charsize=\dimen108
Package hyperref Info: Hyper figures OFF on input line 6342.
Package hyperref Info: Link nesting OFF on input line 6347.
Package hyperref Info: Hyper index ON on input line 6350.
Package hyperref Info: backreferencing OFF on input line 6357.
Package hyperref Info: Link coloring OFF on input line 6362.
Package hyperref Info: Link coloring with OCG OFF on input line 6367.
Package hyperref Info: PDF/A mode OFF on input line 6372.
LaTeX Info: Redefining \ref on input line 6412.
LaTeX Info: Redefining \pageref on input line 6416.
\Hy@abspage=\count97
\c@Item=\count98
\c@Hfootnote=\count99
)

Package hyperref Message: Driver (autodetected): hpdftex.

(D:\Tools\MikTex\tex\latex\hyperref\hpdftex.def
File: hpdftex.def 2016/06/24 v6.83q Hyperref driver for pdfTeX
\Fld@listcount=\count100
\c@bookmark@seq@number=\count101

(D:\Tools\MikTex\tex\latex\oberdiek\rerunfilecheck.sty
Package: rerunfilecheck 2016/05/16 v1.8 Rerun checks for auxiliary files (HO)
Package uniquecounter Info: New unique counter `rerunfilecheck' on input line 2
82.
)
\Hy@SectionHShift=\skip56
)
(D:\Tools\MikTex\tex\latex\amsmath\amsmath.sty
Package: amsmath 2016/06/28 v2.15d AMS math features
\@mathmargin=\skip57

For additional information on amsmath, use the `?' option.
(D:\Tools\MikTex\tex\latex\amsmath\amstext.sty
Package: amstext 2000/06/29 v2.01 AMS text

(D:\Tools\MikTex\tex\latex\amsmath\amsgen.sty
File: amsgen.sty 1999/11/30 v2.0 generic functions
\@emptytoks=\toks20
\ex@=\dimen109
))
(D:\Tools\MikTex\tex\latex\amsmath\amsbsy.sty
Package: amsbsy 1999/11/29 v1.2d Bold Symbols
\pmbraise@=\dimen110
)
(D:\Tools\MikTex\tex\latex\amsmath\amsopn.sty
Package: amsopn 2016/03/08 v2.02 operator names
)
\inf@bad=\count102
LaTeX Info: Redefining \frac on input line 199.
\uproot@=\count103
\leftroot@=\count104
LaTeX Info: Redefining \overline on input line 297.
\classnum@=\count105
\DOTSCASE@=\count106
LaTeX Info: Redefining \ldots on input line 394.
LaTeX Info: Redefining \dots on input line 397.
LaTeX Info: Redefining \cdots on input line 518.
\Mathstrutbox@=\box28
\strutbox@=\box29
\big@size=\dimen111
LaTeX Font Info:    Redeclaring font encoding OML on input line 634.
LaTeX Font Info:    Redeclaring font encoding OMS on input line 635.
\macc@depth=\count107
\c@MaxMatrixCols=\count108
\dotsspace@=\muskip11
\c@parentequation=\count109
\dspbrk@lvl=\count110
\tag@help=\toks21
\row@=\count111
\column@=\count112
\maxfields@=\count113
\andhelp@=\toks22
\eqnshift@=\dimen112
\alignsep@=\dimen113
\tagshift@=\dimen114
\tagwidth@=\dimen115
\totwidth@=\dimen116
\lineht@=\dimen117
\@envbody=\toks23
\multlinegap=\skip58
\multlinetaggap=\skip59
\mathdisplay@stack=\toks24
LaTeX Info: Redefining \[ on input line 2739.
LaTeX Info: Redefining \] on input line 2740.
)
(D:\Tools\MikTex\tex\latex\amsfonts\amssymb.sty
Package: amssymb 2013/01/14 v3.01 AMS font symbols

(D:\Tools\MikTex\tex\latex\amsfonts\amsfonts.sty
Package: amsfonts 2013/01/14 v3.01 Basic AMSFonts support
\symAMSa=\mathgroup4
\symAMSb=\mathgroup5
LaTeX Font Info:    Overwriting math alphabet `\mathfrak' in version `bold'
(Font)                  U/euf/m/n --> U/euf/b/n on input line 106.
))
(D:\Tools\MikTex\tex\latex\graphics\color.sty
Package: color 2016/07/10 v1.1e Standard LaTeX Color (DPC)

(D:\Tools\MikTex\tex\latex\graphics-cfg\color.cfg
File: color.cfg 2016/01/02 v1.6 sample color configuration
)
Package color Info: Driver file: pdftex.def on input line 147.

(D:\Tools\MikTex\tex\latex\graphics-def\pdftex.def
File: pdftex.def 2016/07/10 v0.06j Graphics/color for pdfTeX
\Gread@gobject=\count114
))
("C:\Users\Timo Bergerbusch\AppData\Roaming\MiKTeX\2.9\tex\latex\listings\listi
ngs.sty"
\lst@mode=\count115
\lst@gtempboxa=\box30
\lst@token=\toks25
\lst@length=\count116
\lst@currlwidth=\dimen118
\lst@column=\count117
\lst@pos=\count118
\lst@lostspace=\dimen119
\lst@width=\dimen120
\lst@newlines=\count119
\lst@lineno=\count120
\lst@maxwidth=\dimen121

("C:\Users\Timo Bergerbusch\AppData\Roaming\MiKTeX\2.9\tex\latex\listings\lstmi
sc.sty"
File: lstmisc.sty 2015/06/04 1.6 (Carsten Heinz)
\c@lstnumber=\count121
\lst@skipnumbers=\count122
\lst@framebox=\box31
)
("C:\Users\Timo Bergerbusch\AppData\Roaming\MiKTeX\2.9\tex\latex\listings\listi
ngs.cfg"
File: listings.cfg 2015/06/04 1.6 listings configuration
))
Package: listings 2015/06/04 1.6 (Carsten Heinz)

("C:\Users\Timo Bergerbusch\AppData\Roaming\MiKTeX\2.9\tex\latex\lstaddons\lsta
utogobble.sty"
Package: lstautogobble 2012/05/03 v0.1 Implements 'autogobble' option for 'list
ings'
\lstag@spacecount=\count123
)
("C:\Users\Timo Bergerbusch\AppData\Roaming\MiKTeX\2.9\tex\latex\xcolor\xcolor.
sty"
Package: xcolor 2016/05/11 v2.12 LaTeX color extensions (UK)
 (D:\Tools\MikTex\tex\latex\graphics-cfg\color.cfg
File: color.cfg 2016/01/02 v1.6 sample color configuration
)
Package xcolor Info: Driver file: pdftex.def on input line 225.
LaTeX Info: Redefining \color on input line 709.
Package xcolor Info: Model `cmy' substituted by `cmy0' on input line 1348.
Package xcolor Info: Model `hsb' substituted by `rgb' on input line 1352.
Package xcolor Info: Model `RGB' extended on input line 1364.
Package xcolor Info: Model `HTML' substituted by `rgb' on input line 1366.
Package xcolor Info: Model `Hsb' substituted by `hsb' on input line 1367.
Package xcolor Info: Model `tHsb' substituted by `hsb' on input line 1368.
Package xcolor Info: Model `HSB' substituted by `hsb' on input line 1369.
Package xcolor Info: Model `Gray' substituted by `gray' on input line 1370.
Package xcolor Info: Model `wave' substituted by `hsb' on input line 1371.

(D:\Tools\MikTex\tex\latex\graphics\dvipsnam.def
File: dvipsnam.def 2016/06/17 v3.0m Driver-dependent file (DPC,SPQR)
))
(D:\Tools\MikTex\tex\latex\graphics\graphicx.sty
Package: graphicx 2014/10/28 v1.0g Enhanced LaTeX Graphics (DPC,SPQR)

(D:\Tools\MikTex\tex\latex\graphics\graphics.sty
Package: graphics 2016/07/10 v1.0t Standard LaTeX Graphics (DPC,SPQR)

(D:\Tools\MikTex\tex\latex\graphics\trig.sty
Package: trig 2016/01/03 v1.10 sin cos tan (DPC)
)
(D:\Tools\MikTex\tex\latex\graphics-cfg\graphics.cfg
File: graphics.cfg 2016/06/04 v1.11 sample graphics configuration
)
Package graphics Info: Driver file: pdftex.def on input line 99.
)
\Gin@req@height=\dimen122
\Gin@req@width=\dimen123
)
("C:\Users\Timo Bergerbusch\AppData\Roaming\MiKTeX\2.9\tex\latex\pgf\frontendla
yer\tikz.sty"
("C:\Users\Timo Bergerbusch\AppData\Roaming\MiKTeX\2.9\tex\latex\pgf\basiclayer
\pgf.sty"
("C:\Users\Timo Bergerbusch\AppData\Roaming\MiKTeX\2.9\tex\latex\pgf\utilities\
pgfrcs.sty"
("C:\Users\Timo Bergerbusch\AppData\Roaming\MiKTeX\2.9\tex\generic\pgf\utilitie
s\pgfutil-common.tex"
\pgfutil@everybye=\toks26
\pgfutil@tempdima=\dimen124
\pgfutil@tempdimb=\dimen125

("C:\Users\Timo Bergerbusch\AppData\Roaming\MiKTeX\2.9\tex\generic\pgf\utilitie
s\pgfutil-common-lists.tex"))
("C:\Users\Timo Bergerbusch\AppData\Roaming\MiKTeX\2.9\tex\generic\pgf\utilitie
s\pgfutil-latex.def"
\pgfutil@abb=\box32

("C:\Users\Timo Bergerbusch\AppData\Roaming\MiKTeX\2.9\tex\latex\ms\everyshi.st
y"
Package: everyshi 2001/05/15 v3.00 EveryShipout Package (MS)
))
("C:\Users\Timo Bergerbusch\AppData\Roaming\MiKTeX\2.9\tex\generic\pgf\utilitie
s\pgfrcs.code.tex"
Package: pgfrcs 2015/08/07 v3.0.1a (rcs-revision 1.31)
))
Package: pgf 2015/08/07 v3.0.1a (rcs-revision 1.15)

("C:\Users\Timo Bergerbusch\AppData\Roaming\MiKTeX\2.9\tex\latex\pgf\basiclayer
\pgfcore.sty"
("C:\Users\Timo Bergerbusch\AppData\Roaming\MiKTeX\2.9\tex\latex\pgf\systemlaye
r\pgfsys.sty"
("C:\Users\Timo Bergerbusch\AppData\Roaming\MiKTeX\2.9\tex\generic\pgf\systemla
yer\pgfsys.code.tex"
Package: pgfsys 2014/07/09 v3.0.1a (rcs-revision 1.48)

("C:\Users\Timo Bergerbusch\AppData\Roaming\MiKTeX\2.9\tex\generic\pgf\utilitie
s\pgfkeys.code.tex"
\pgfkeys@pathtoks=\toks27
\pgfkeys@temptoks=\toks28

("C:\Users\Timo Bergerbusch\AppData\Roaming\MiKTeX\2.9\tex\generic\pgf\utilitie
s\pgfkeysfiltered.code.tex"
\pgfkeys@tmptoks=\toks29
))
\pgf@x=\dimen126
\pgf@y=\dimen127
\pgf@xa=\dimen128
\pgf@ya=\dimen129
\pgf@xb=\dimen130
\pgf@yb=\dimen131
\pgf@xc=\dimen132
\pgf@yc=\dimen133
\w@pgf@writea=\write3
\r@pgf@reada=\read1
\c@pgf@counta=\count124
\c@pgf@countb=\count125
\c@pgf@countc=\count126
\c@pgf@countd=\count127
\t@pgf@toka=\toks30
\t@pgf@tokb=\toks31
\t@pgf@tokc=\toks32

("C:\Users\Timo Bergerbusch\AppData\Roaming\MiKTeX\2.9\tex\generic\pgf\systemla
yer\pgf.cfg"
File: pgf.cfg 2008/05/14  (rcs-revision 1.7)
)
Driver file for pgf: pgfsys-pdftex.def

("C:\Users\Timo Bergerbusch\AppData\Roaming\MiKTeX\2.9\tex\generic\pgf\systemla
yer\pgfsys-pdftex.def"
File: pgfsys-pdftex.def 2014/10/11  (rcs-revision 1.35)

("C:\Users\Timo Bergerbusch\AppData\Roaming\MiKTeX\2.9\tex\generic\pgf\systemla
yer\pgfsys-common-pdf.def"
File: pgfsys-common-pdf.def 2013/10/10  (rcs-revision 1.13)
)))
("C:\Users\Timo Bergerbusch\AppData\Roaming\MiKTeX\2.9\tex\generic\pgf\systemla
yer\pgfsyssoftpath.code.tex"
File: pgfsyssoftpath.code.tex 2013/09/09  (rcs-revision 1.9)
\pgfsyssoftpath@smallbuffer@items=\count128
\pgfsyssoftpath@bigbuffer@items=\count129
)
("C:\Users\Timo Bergerbusch\AppData\Roaming\MiKTeX\2.9\tex\generic\pgf\systemla
yer\pgfsysprotocol.code.tex"
File: pgfsysprotocol.code.tex 2006/10/16  (rcs-revision 1.4)
))
("C:\Users\Timo Bergerbusch\AppData\Roaming\MiKTeX\2.9\tex\generic\pgf\basiclay
er\pgfcore.code.tex"
Package: pgfcore 2010/04/11 v3.0.1a (rcs-revision 1.7)

("C:\Users\Timo Bergerbusch\AppData\Roaming\MiKTeX\2.9\tex\generic\pgf\math\pgf
math.code.tex"
("C:\Users\Timo Bergerbusch\AppData\Roaming\MiKTeX\2.9\tex\generic\pgf\math\pgf
mathcalc.code.tex"
("C:\Users\Timo Bergerbusch\AppData\Roaming\MiKTeX\2.9\tex\generic\pgf\math\pgf
mathutil.code.tex")
("C:\Users\Timo Bergerbusch\AppData\Roaming\MiKTeX\2.9\tex\generic\pgf\math\pgf
mathparser.code.tex"
\pgfmath@dimen=\dimen134
\pgfmath@count=\count130
\pgfmath@box=\box33
\pgfmath@toks=\toks33
\pgfmath@stack@operand=\toks34
\pgfmath@stack@operation=\toks35
)
("C:\Users\Timo Bergerbusch\AppData\Roaming\MiKTeX\2.9\tex\generic\pgf\math\pgf
mathfunctions.code.tex"
("C:\Users\Timo Bergerbusch\AppData\Roaming\MiKTeX\2.9\tex\generic\pgf\math\pgf
mathfunctions.basic.code.tex")
("C:\Users\Timo Bergerbusch\AppData\Roaming\MiKTeX\2.9\tex\generic\pgf\math\pgf
mathfunctions.trigonometric.code.tex")
("C:\Users\Timo Bergerbusch\AppData\Roaming\MiKTeX\2.9\tex\generic\pgf\math\pgf
mathfunctions.random.code.tex")
("C:\Users\Timo Bergerbusch\AppData\Roaming\MiKTeX\2.9\tex\generic\pgf\math\pgf
mathfunctions.comparison.code.tex")
("C:\Users\Timo Bergerbusch\AppData\Roaming\MiKTeX\2.9\tex\generic\pgf\math\pgf
mathfunctions.base.code.tex")
("C:\Users\Timo Bergerbusch\AppData\Roaming\MiKTeX\2.9\tex\generic\pgf\math\pgf
mathfunctions.round.code.tex")
("C:\Users\Timo Bergerbusch\AppData\Roaming\MiKTeX\2.9\tex\generic\pgf\math\pgf
mathfunctions.misc.code.tex")
("C:\Users\Timo Bergerbusch\AppData\Roaming\MiKTeX\2.9\tex\generic\pgf\math\pgf
mathfunctions.integerarithmetics.code.tex")))
("C:\Users\Timo Bergerbusch\AppData\Roaming\MiKTeX\2.9\tex\generic\pgf\math\pgf
mathfloat.code.tex"
\c@pgfmathroundto@lastzeros=\count131
))
("C:\Users\Timo Bergerbusch\AppData\Roaming\MiKTeX\2.9\tex\generic\pgf\basiclay
er\pgfcorepoints.code.tex"
File: pgfcorepoints.code.tex 2013/10/07  (rcs-revision 1.27)
\pgf@picminx=\dimen135
\pgf@picmaxx=\dimen136
\pgf@picminy=\dimen137
\pgf@picmaxy=\dimen138
\pgf@pathminx=\dimen139
\pgf@pathmaxx=\dimen140
\pgf@pathminy=\dimen141
\pgf@pathmaxy=\dimen142
\pgf@xx=\dimen143
\pgf@xy=\dimen144
\pgf@yx=\dimen145
\pgf@yy=\dimen146
\pgf@zx=\dimen147
\pgf@zy=\dimen148
)
("C:\Users\Timo Bergerbusch\AppData\Roaming\MiKTeX\2.9\tex\generic\pgf\basiclay
er\pgfcorepathconstruct.code.tex"
File: pgfcorepathconstruct.code.tex 2013/10/07  (rcs-revision 1.29)
\pgf@path@lastx=\dimen149
\pgf@path@lasty=\dimen150
)
("C:\Users\Timo Bergerbusch\AppData\Roaming\MiKTeX\2.9\tex\generic\pgf\basiclay
er\pgfcorepathusage.code.tex"
File: pgfcorepathusage.code.tex 2014/11/02  (rcs-revision 1.24)
\pgf@shorten@end@additional=\dimen151
\pgf@shorten@start@additional=\dimen152
)
("C:\Users\Timo Bergerbusch\AppData\Roaming\MiKTeX\2.9\tex\generic\pgf\basiclay
er\pgfcorescopes.code.tex"
File: pgfcorescopes.code.tex 2015/05/08  (rcs-revision 1.46)
\pgfpic=\box34
\pgf@hbox=\box35
\pgf@layerbox@main=\box36
\pgf@picture@serial@count=\count132
)
("C:\Users\Timo Bergerbusch\AppData\Roaming\MiKTeX\2.9\tex\generic\pgf\basiclay
er\pgfcoregraphicstate.code.tex"
File: pgfcoregraphicstate.code.tex 2014/11/02  (rcs-revision 1.12)
\pgflinewidth=\dimen153
)
("C:\Users\Timo Bergerbusch\AppData\Roaming\MiKTeX\2.9\tex\generic\pgf\basiclay
er\pgfcoretransformations.code.tex"
File: pgfcoretransformations.code.tex 2015/08/07  (rcs-revision 1.20)
\pgf@pt@x=\dimen154
\pgf@pt@y=\dimen155
\pgf@pt@temp=\dimen156
)
("C:\Users\Timo Bergerbusch\AppData\Roaming\MiKTeX\2.9\tex\generic\pgf\basiclay
er\pgfcorequick.code.tex"
File: pgfcorequick.code.tex 2008/10/09  (rcs-revision 1.3)
)
("C:\Users\Timo Bergerbusch\AppData\Roaming\MiKTeX\2.9\tex\generic\pgf\basiclay
er\pgfcoreobjects.code.tex"
File: pgfcoreobjects.code.tex 2006/10/11  (rcs-revision 1.2)
)
("C:\Users\Timo Bergerbusch\AppData\Roaming\MiKTeX\2.9\tex\generic\pgf\basiclay
er\pgfcorepathprocessing.code.tex"
File: pgfcorepathprocessing.code.tex 2013/09/09  (rcs-revision 1.9)
)
("C:\Users\Timo Bergerbusch\AppData\Roaming\MiKTeX\2.9\tex\generic\pgf\basiclay
er\pgfcorearrows.code.tex"
File: pgfcorearrows.code.tex 2015/05/14  (rcs-revision 1.43)
\pgfarrowsep=\dimen157
)
("C:\Users\Timo Bergerbusch\AppData\Roaming\MiKTeX\2.9\tex\generic\pgf\basiclay
er\pgfcoreshade.code.tex"
File: pgfcoreshade.code.tex 2013/07/15  (rcs-revision 1.15)
\pgf@max=\dimen158
\pgf@sys@shading@range@num=\count133
)
("C:\Users\Timo Bergerbusch\AppData\Roaming\MiKTeX\2.9\tex\generic\pgf\basiclay
er\pgfcoreimage.code.tex"
File: pgfcoreimage.code.tex 2013/07/15  (rcs-revision 1.18)

("C:\Users\Timo Bergerbusch\AppData\Roaming\MiKTeX\2.9\tex\generic\pgf\basiclay
er\pgfcoreexternal.code.tex"
File: pgfcoreexternal.code.tex 2014/07/09  (rcs-revision 1.21)
\pgfexternal@startupbox=\box37
))
("C:\Users\Timo Bergerbusch\AppData\Roaming\MiKTeX\2.9\tex\generic\pgf\basiclay
er\pgfcorelayers.code.tex"
File: pgfcorelayers.code.tex 2013/07/18  (rcs-revision 1.7)
)
("C:\Users\Timo Bergerbusch\AppData\Roaming\MiKTeX\2.9\tex\generic\pgf\basiclay
er\pgfcoretransparency.code.tex"
File: pgfcoretransparency.code.tex 2013/09/30  (rcs-revision 1.5)
)
("C:\Users\Timo Bergerbusch\AppData\Roaming\MiKTeX\2.9\tex\generic\pgf\basiclay
er\pgfcorepatterns.code.tex"
File: pgfcorepatterns.code.tex 2013/11/07  (rcs-revision 1.5)
)))
("C:\Users\Timo Bergerbusch\AppData\Roaming\MiKTeX\2.9\tex\generic\pgf\modules\
pgfmoduleshapes.code.tex"
File: pgfmoduleshapes.code.tex 2014/03/21  (rcs-revision 1.35)
\pgfnodeparttextbox=\box38
)
("C:\Users\Timo Bergerbusch\AppData\Roaming\MiKTeX\2.9\tex\generic\pgf\modules\
pgfmoduleplot.code.tex"
File: pgfmoduleplot.code.tex 2015/08/03  (rcs-revision 1.13)
)
("C:\Users\Timo Bergerbusch\AppData\Roaming\MiKTeX\2.9\tex\latex\pgf\compatibil
ity\pgfcomp-version-0-65.sty"
Package: pgfcomp-version-0-65 2007/07/03 v3.0.1a (rcs-revision 1.7)
\pgf@nodesepstart=\dimen159
\pgf@nodesepend=\dimen160
)
("C:\Users\Timo Bergerbusch\AppData\Roaming\MiKTeX\2.9\tex\latex\pgf\compatibil
ity\pgfcomp-version-1-18.sty"
Package: pgfcomp-version-1-18 2007/07/23 v3.0.1a (rcs-revision 1.1)
))
("C:\Users\Timo Bergerbusch\AppData\Roaming\MiKTeX\2.9\tex\latex\pgf\utilities\
pgffor.sty"
("C:\Users\Timo Bergerbusch\AppData\Roaming\MiKTeX\2.9\tex\latex\pgf\utilities\
pgfkeys.sty"
("C:\Users\Timo Bergerbusch\AppData\Roaming\MiKTeX\2.9\tex\generic\pgf\utilitie
s\pgfkeys.code.tex"))
("C:\Users\Timo Bergerbusch\AppData\Roaming\MiKTeX\2.9\tex\latex\pgf\math\pgfma
th.sty"
("C:\Users\Timo Bergerbusch\AppData\Roaming\MiKTeX\2.9\tex\generic\pgf\math\pgf
math.code.tex"))
("C:\Users\Timo Bergerbusch\AppData\Roaming\MiKTeX\2.9\tex\generic\pgf\utilitie
s\pgffor.code.tex"
Package: pgffor 2013/12/13 v3.0.1a (rcs-revision 1.25)

("C:\Users\Timo Bergerbusch\AppData\Roaming\MiKTeX\2.9\tex\generic\pgf\math\pgf
math.code.tex")
\pgffor@iter=\dimen161
\pgffor@skip=\dimen162
\pgffor@stack=\toks36
\pgffor@toks=\toks37
))
("C:\Users\Timo Bergerbusch\AppData\Roaming\MiKTeX\2.9\tex\generic\pgf\frontend
layer\tikz\tikz.code.tex"
Package: tikz 2015/08/07 v3.0.1a (rcs-revision 1.151)

("C:\Users\Timo Bergerbusch\AppData\Roaming\MiKTeX\2.9\tex\generic\pgf\librarie
s\pgflibraryplothandlers.code.tex"
File: pgflibraryplothandlers.code.tex 2013/08/31 v3.0.1a (rcs-revision 1.20)
\pgf@plot@mark@count=\count134
\pgfplotmarksize=\dimen163
)
\tikz@lastx=\dimen164
\tikz@lasty=\dimen165
\tikz@lastxsaved=\dimen166
\tikz@lastysaved=\dimen167
\tikzleveldistance=\dimen168
\tikzsiblingdistance=\dimen169
\tikz@figbox=\box39
\tikz@figbox@bg=\box40
\tikz@tempbox=\box41
\tikz@tempbox@bg=\box42
\tikztreelevel=\count135
\tikznumberofchildren=\count136
\tikznumberofcurrentchild=\count137
\tikz@fig@count=\count138

("C:\Users\Timo Bergerbusch\AppData\Roaming\MiKTeX\2.9\tex\generic\pgf\modules\
pgfmodulematrix.code.tex"
File: pgfmodulematrix.code.tex 2013/09/17  (rcs-revision 1.8)
\pgfmatrixcurrentrow=\count139
\pgfmatrixcurrentcolumn=\count140
\pgf@matrix@numberofcolumns=\count141
)
\tikz@expandcount=\count142

("C:\Users\Timo Bergerbusch\AppData\Roaming\MiKTeX\2.9\tex\generic\pgf\frontend
layer\tikz\libraries\tikzlibrarytopaths.code.tex"
File: tikzlibrarytopaths.code.tex 2008/06/17 v3.0.1a (rcs-revision 1.2)
)))
(D:\Tools\MikTex\tex\latex\pstricks\pstricks.sty
Package: pstricks 2015/11/14 v0.62 LaTeX wrapper for `PSTricks' (RN,HV)

(D:\Tools\MikTex\tex\generic\pstricks\pstricks.tex
(D:\Tools\MikTex\tex\generic\xkeyval\pst-xkey.tex
File: pst-xkey.tex 2005/11/25 v1.6 PSTricks specialization of xkeyval (HA)
)
(D:\Tools\MikTex\tex\generic\pstricks\pst-fp.tex
`pst-fp' v0.05, 2010/01/17 (hv)
\pstFP@xs=\count143
\pstFP@xia=\count144
\pstFP@xib=\count145
\pstFP@xfa=\count146
\pstFP@xfb=\count147
\pstFP@rega=\count148
\pstFP@regb=\count149
\pstFP@regs=\count150
\pstFP@times=\count151
)
("C:\Users\Timo Bergerbusch\AppData\Roaming\MiKTeX\2.9\tex\generic\pgf\utilitie
s\pgfutil-common.tex"
\pgfutil@everybye=\toks38
\pgfutil@tempdima=\dimen170
\pgfutil@tempdimb=\dimen171

("C:\Users\Timo Bergerbusch\AppData\Roaming\MiKTeX\2.9\tex\generic\pgf\utilitie
s\pgfutil-common-lists.tex"))
("C:\Users\Timo Bergerbusch\AppData\Roaming\MiKTeX\2.9\tex\generic\pgf\utilitie
s\pgfkeys.code.tex")
("C:\Users\Timo Bergerbusch\AppData\Roaming\MiKTeX\2.9\tex\generic\pgf\utilitie
s\pgffor.code.tex"
("C:\Users\Timo Bergerbusch\AppData\Roaming\MiKTeX\2.9\tex\generic\pgf\math\pgf
math.code.tex")
\pgffor@iter=\dimen172
\pgffor@skip=\dimen173
\pgffor@stack=\toks39
\pgffor@toks=\toks40
)
\psLoopIndex=\count152

`PSTricks' v2.71  <2016/12/23> (tvz)
\pst@dima=\dimen174
\pst@dimb=\dimen175
\pst@dimc=\dimen176
\pst@dimd=\dimen177
\pst@dimg=\dimen178
\pst@dimh=\dimen179
\pst@dimm=\dimen180
\pst@dimn=\dimen181
\pst@dimo=\dimen182
\pst@dimp=\dimen183
\pst@hbox=\box43
\pst@ibox=\box44
\pst@boxg=\box45
\pst@cnta=\count153
\pst@cntb=\count154
\pst@cntc=\count155
\pst@cntd=\count156
\pst@cntg=\count157
\pst@cnth=\count158
\pst@cntm=\count159
\pst@cntn=\count160
\pst@cnto=\count161
\pst@cntp=\count162
\@zero=\count163
\pst@toks=\toks41
(D:\Tools\MikTex\tex\generic\pstricks\pstricks.con)
\psunit=\dimen184
\psxunit=\dimen185
\psyunit=\dimen186
\pst@C@@rType=\count164
\pslinewidth=\dimen187
\psk@startLW=\dimen188
\psk@endLW=\dimen189
\pst@customdefs=\toks42
\pslinearc=\dimen190
\pst@symbolStep=\dimen191
\pst@symbolWidth=\dimen192
\pst@symbolLinewidth=\dimen193
\everypsbox=\toks43
\psframesep=\dimen194
\pslabelsep=\dimen195
\sh@wgridXunit=\dimen196
\sh@wgridYunit=\dimen197
\pst@shift=\dimen198
)
File: pstricks.tex 2016/12/23 v2.71 `PSTricks' (tvz,hv)

(D:\Tools\MikTex\tex\generic\pstricks\pst-fp.tex)
File: pst-fp.tex 2016/12/23 v2.71 `PST-fp' (hv)
)
(D:\Tools\MikTex\tex\latex\float\float.sty
Package: float 2001/11/08 v1.3d Float enhancements (AL)
\c@float@type=\count165
\float@exts=\toks44
\float@box=\box46
\@float@everytoks=\toks45
\@floatcapt=\box47
)
("C:\Users\Timo Bergerbusch\AppData\Roaming\MiKTeX\2.9\tex\latex\listings\lstla
ng1.sty"
File: lstlang1.sty 2015/06/04 1.6 listings language file
) (Arbeitstagebuch.aux)
\openout1 = `Arbeitstagebuch.aux'.

LaTeX Font Info:    Checking defaults for OML/cmm/m/it on input line 72.
LaTeX Font Info:    ... okay on input line 72.
LaTeX Font Info:    Checking defaults for T1/cmr/m/n on input line 72.
LaTeX Font Info:    ... okay on input line 72.
LaTeX Font Info:    Checking defaults for OT1/cmr/m/n on input line 72.
LaTeX Font Info:    ... okay on input line 72.
LaTeX Font Info:    Checking defaults for OMS/cmsy/m/n on input line 72.
LaTeX Font Info:    ... okay on input line 72.
LaTeX Font Info:    Checking defaults for OMX/cmex/m/n on input line 72.
LaTeX Font Info:    ... okay on input line 72.
LaTeX Font Info:    Checking defaults for U/cmr/m/n on input line 72.
LaTeX Font Info:    ... okay on input line 72.
LaTeX Font Info:    Checking defaults for TS1/cmr/m/n on input line 72.
LaTeX Font Info:    Try loading font information for TS1+cmr on input line 72.
 (D:\Tools\MikTex\tex\latex\base\ts1cmr.fd
File: ts1cmr.fd 2014/09/29 v2.5h Standard LaTeX font definitions
)
LaTeX Font Info:    ... okay on input line 72.
LaTeX Font Info:    Checking defaults for PD1/pdf/m/n on input line 72.
LaTeX Font Info:    ... okay on input line 72.
LaTeX Font Info:    Try loading font information for T1+LinuxLibertineT-TOsF on
 input line 72.

("C:\Users\Timo Bergerbusch\AppData\Roaming\MiKTeX\2.9\tex\latex\libertine\t1li
nuxlibertinet-tosf.fd"
File: T1LinuxLibertineT-TOsF.fd 2017/03/20 (autoinst) Font definitions for T1/L
inuxLibertineT-TOsF.
)
LaTeX Font Info:    Font shape `T1/LinuxLibertineT-TOsF/m/n' will be
(Font)              scaled to size 10.95pt on input line 72.
\c@mv@tabular=\count166
\c@mv@boldtabular=\count167
LaTeX Info: Redefining \microtypecontext on input line 72.
Package microtype Info: Generating PDF output.
Package microtype Info: Character protrusion enabled (level 2).
Package microtype Info: Using default protrusion set `alltext'.
Package microtype Info: Automatic font expansion enabled (level 2),
(microtype)             stretch: 20, shrink: 20, step: 1, non-selected.
Package microtype Info: Using default expansion set `basictext'.
Package microtype Info: No adjustment of tracking.
Package microtype Info: No adjustment of interword spacing.
Package microtype Info: No adjustment of character kerning.
Package microtype Info: Loading generic settings for font family
(microtype)             `LinuxLibertineT-TOsF' (encoding: T1).
(microtype)             For optimal results, create family-specific settings.
(microtype)             See the microtype manual for details.
\AtBeginShipoutBox=\box48
Package hyperref Info: Link coloring OFF on input line 72.
 (D:\Tools\MikTex\tex\latex\hyperref\nameref.sty
Package: nameref 2016/05/21 v2.44 Cross-referencing by name of section

(D:\Tools\MikTex\tex\generic\oberdiek\gettitlestring.sty
Package: gettitlestring 2016/05/16 v1.5 Cleanup title references (HO)
)
\c@section@level=\count168
)
LaTeX Info: Redefining \ref on input line 72.
LaTeX Info: Redefining \pageref on input line 72.
LaTeX Info: Redefining \nameref on input line 72.
 (Arbeitstagebuch.out) (Arbeitstagebuch.out)
\@outlinefile=\write4
\openout4 = `Arbeitstagebuch.out'.


("C:\Users\Timo Bergerbusch\AppData\Roaming\MiKTeX\2.9\tex\context\base\supp-pd
f.mkii"
[Loading MPS to PDF converter (version 2006.09.02).]
\scratchcounter=\count169
\scratchdimen=\dimen199
\scratchbox=\box49
\nofMPsegments=\count170
\nofMParguments=\count171
\everyMPshowfont=\toks46
\MPscratchCnt=\count172
\MPscratchDim=\dimen256
\MPnumerator=\count173
\makeMPintoPDFobject=\count174
\everyMPtoPDFconversion=\toks47
) (D:\Tools\MikTex\tex\latex\oberdiek\epstopdf-base.sty
Package: epstopdf-base 2016/05/15 v2.6 Base part for package epstopdf

(D:\Tools\MikTex\tex\latex\oberdiek\grfext.sty
Package: grfext 2016/05/16 v1.2 Manage graphics extensions (HO)
)
Package epstopdf-base Info: Redefining graphics rule for `.eps' on input line 4
38.
Package grfext Info: Graphics extension search list:
(grfext)             [.png,.pdf,.jpg,.mps,.jpeg,.jbig2,.jb2,.PNG,.PDF,.JPG,.JPE
G,.JBIG2,.JB2,.eps]
(grfext)             \AppendGraphicsExtensions on input line 456.
)
\c@lstlisting=\count175

ABD: EveryShipout initializing macros
Package babel Info: Redefining ngerman shorthand "|
(babel)             in language  on input line 79.
Package babel Info: Redefining ngerman shorthand "~
(babel)             in language  on input line 79.
Package babel Info: Redefining ngerman shorthand "|
(babel)             in language  on input line 79.
Package babel Info: Redefining ngerman shorthand "~
(babel)             in language  on input line 79.
Package babel Info: Redefining ngerman shorthand "|
(babel)             in language  on input line 79.
Package babel Info: Redefining ngerman shorthand "~
(babel)             in language  on input line 79.
LaTeX Font Info:    Try loading font information for T1+LinuxBiolinumT-TOsF on 
input line 86.

("C:\Users\Timo Bergerbusch\AppData\Roaming\MiKTeX\2.9\tex\latex\libertine\t1li
nuxbiolinumt-tosf.fd"
File: T1LinuxBiolinumT-TOsF.fd 2017/03/20 (autoinst) Font definitions for T1/Li
nuxBiolinumT-TOsF.
)
LaTeX Font Info:    Font shape `T1/LinuxBiolinumT-TOsF/m/n' will be
(Font)              scaled to size 10.95pt on input line 86.
Package microtype Info: Loading generic settings for font family
(microtype)             `LinuxBiolinumT-TOsF' (encoding: T1).
(microtype)             For optimal results, create family-specific settings.
(microtype)             See the microtype manual for details.
LaTeX Font Info:    Font shape `T1/LinuxBiolinumT-TOsF/b/n' will be
(Font)              scaled to size 10.95pt on input line 86.
LaTeX Font Info:    Font shape `T1/LinuxBiolinumT-TOsF/b/n' will be
(Font)              scaled to size 20.74pt on input line 86.
LaTeX Font Info:    Font shape `T1/LinuxBiolinumT-TOsF/b/n' will be
(Font)              scaled to size 12.0pt on input line 86.
LaTeX Font Info:    Font shape `T1/LinuxLibertineT-TOsF/m/n' will be
(Font)              scaled to size 14.4pt on input line 86.

("C:\Users\Timo Bergerbusch\AppData\Roaming\MiKTeX\2.9\tex\latex\microtype\mt-c
mr.cfg"
File: mt-cmr.cfg 2013/05/19 v2.2 microtype config. file: Computer Modern Roman 
(RS)
)
LaTeX Font Info:    Try loading font information for U+msa on input line 86.
 (D:\Tools\MikTex\tex\latex\amsfonts\umsa.fd
File: umsa.fd 2013/01/14 v3.01 AMS symbols A
)
("C:\Users\Timo Bergerbusch\AppData\Roaming\MiKTeX\2.9\tex\latex\microtype\mt-m
sa.cfg"
File: mt-msa.cfg 2006/02/04 v1.1 microtype config. file: AMS symbols (a) (RS)
)
LaTeX Font Info:    Try loading font information for U+msb on input line 86.
 (D:\Tools\MikTex\tex\latex\amsfonts\umsb.fd
File: umsb.fd 2013/01/14 v3.01 AMS symbols B
)
("C:\Users\Timo Bergerbusch\AppData\Roaming\MiKTeX\2.9\tex\latex\microtype\mt-m
sb.cfg"
File: mt-msb.cfg 2005/06/01 v1.0 microtype config. file: AMS symbols (b) (RS)
) (Vorwort.tex
LaTeX Font Info:    Font shape `T1/LinuxLibertineT-TOsF/m/it' will be
(Font)              scaled to size 10.95pt on input line 2.
) (alleTage.tex (Tage/20.04.2017.tex
LaTeX Font Info:    Font shape `T1/LinuxBiolinumT-TOsF/b/n' will be
(Font)              scaled to size 14.4pt on input line 1.
LaTeX Font Info:    Try loading font information for TS1+LinuxLibertineT-TOsF o
n input line 5.

("C:\Users\Timo Bergerbusch\AppData\Roaming\MiKTeX\2.9\tex\latex\libertine\ts1l
inuxlibertinet-tosf.fd"
File: TS1LinuxLibertineT-TOsF.fd 2017/03/20 (autoinst) Font definitions for TS1
/LinuxLibertineT-TOsF.
)
LaTeX Font Info:    Font shape `TS1/LinuxLibertineT-TOsF/m/n' will be
(Font)              scaled to size 10.95pt on input line 5.
Package microtype Info: Loading generic settings for font family
(microtype)             `LinuxLibertineT-TOsF' (encoding: TS1).
(microtype)             For optimal results, create family-specific settings.
(microtype)             See the microtype manual for details.
LaTeX Font Info:    Font shape `T1/LinuxLibertineT-TOsF/b/n' will be
(Font)              scaled to size 10.95pt on input line 15.
Package babel Info: Redefining ngerman shorthand "|
(babel)             in language  on input line 19.
Package babel Info: Redefining ngerman shorthand "~
(babel)             in language  on input line 19.
Package babel Info: Redefining ngerman shorthand "|
(babel)             in language  on input line 19.
Package babel Info: Redefining ngerman shorthand "~
(babel)             in language  on input line 19.
 [1
Non-PDF special ignored!
Non-PDF special ignored!
Non-PDF special ignored!
Non-PDF special ignored!


Non-PDF special ignored!
Non-PDF special ignored!
Non-PDF special ignored!

{C:/Users/Timo Bergerbusch/AppData/Local/MiKTeX/2.9/pdftex/config/pdftex.map}])
 (Tage/26.04.2017.tex
Underfull \hbox (badness 10000) in paragraph at lines 9--10

 []

) (Tage/27.04.2017.tex
Package babel Info: Redefining ngerman shorthand "|
(babel)             in language  on input line 13.
Package babel Info: Redefining ngerman shorthand "~
(babel)             in language  on input line 13.
Package babel Info: Redefining ngerman shorthand "|
(babel)             in language  on input line 13.
Package babel Info: Redefining ngerman shorthand "~
(babel)             in language  on input line 13.
 [2]) (Tage/16.05.2017.tex
LaTeX Font Info:    Try loading font information for T1+LinuxLibertineMonoT-TLF
 on input line 28.

("C:\Users\Timo Bergerbusch\AppData\Roaming\MiKTeX\2.9\tex\latex\libertine\t1li
nuxlibertinemonot-tlf.fd"
File: T1LinuxLibertineMonoT-TLF.fd 2017/03/20 (autoinst) Font definitions for T
1/LinuxLibertineMonoT-TLF.
)
LaTeX Font Info:    Font shape `T1/LinuxLibertineMonoT-TLF/m/n' will be
(Font)              scaled to size 10.95pt on input line 28.
Package microtype Info: Loading generic settings for font family
(microtype)             `LinuxLibertineMonoT-TLF' (encoding: T1).
(microtype)             For optimal results, create family-specific settings.
(microtype)             See the microtype manual for details.
Package babel Info: Redefining ngerman shorthand "|
(babel)             in language  on input line 36.
Package babel Info: Redefining ngerman shorthand "~
(babel)             in language  on input line 36.
Package babel Info: Redefining ngerman shorthand "|
(babel)             in language  on input line 36.
Package babel Info: Redefining ngerman shorthand "~
(babel)             in language  on input line 36.
 [3]) (Tage/17.05.2017.tex
Overfull \hbox (4.59962pt too wide) in paragraph at lines 6--7
[]\T1/LinuxLibertineT-TOsF/m/n/10.95 (-20) Vielleicht erst ei-ne Me-tho-de um f
r geg. \T1/LinuxLibertineT-TOsF/m/it/10.95 (-20) GNA \T1/LinuxLibertineT-TOsF/
m/n/10.95 (-20) zu tes-ten ob die 4 Bedingungen(\T1/LinuxLibertineT-TOsF/m/it/1
0.95 (-20) non-
 []


("C:\Users\Timo Bergerbusch\AppData\Roaming\MiKTeX\2.9\tex\latex\listings\lstla
ng1.sty"
File: lstlang1.sty 2015/06/04 1.6 listings language file
)
("C:\Users\Timo Bergerbusch\AppData\Roaming\MiKTeX\2.9\tex\latex\listings\lstmi
sc.sty"
File: lstmisc.sty 2015/06/04 1.6 (Carsten Heinz)
)
Package babel Info: Redefining ngerman shorthand "|
(babel)             in language  on input line 18.
Package babel Info: Redefining ngerman shorthand "~
(babel)             in language  on input line 18.
Package babel Info: Redefining ngerman shorthand "|
(babel)             in language  on input line 18.
Package babel Info: Redefining ngerman shorthand "~
(babel)             in language  on input line 18.
 [4]
LaTeX Font Info:    Font shape `T1/LinuxLibertineMonoT-TLF/m/n' will be
(Font)              scaled to size 10.0pt on input line 18.
) (Tage/28.05.2017.tex) (Tage/08.06.2017.tex
Package babel Info: Redefining ngerman shorthand "|
(babel)             in language  on input line 7.
Package babel Info: Redefining ngerman shorthand "~
(babel)             in language  on input line 7.
Package babel Info: Redefining ngerman shorthand "|
(babel)             in language  on input line 7.
Package babel Info: Redefining ngerman shorthand "~
(babel)             in language  on input line 7.
 [5]
Package hyperref Info: bookmark level for unknown lstlisting defaults to 0 on i
nput line 8.

(listings/sat4j-CNFSolver.java
LaTeX Font Info:    Font shape `T1/LinuxLibertineMonoT-TLF/m/n' will be
(Font)              scaled to size 12.0pt on input line 7.

Overfull \hbox (55.93669pt too wide) in paragraph at lines 26--27
[][][][][][][][][][][][][][][][][][][][][]  
 []

LaTeX Font Info:    Font shape `T1/LinuxLibertineT-TOsF/m/n' will be
(Font)              scaled to size 10.0pt on input line 29.
Package babel Info: Redefining ngerman shorthand "|
(babel)             in language  on input line 29.
Package babel Info: Redefining ngerman shorthand "~
(babel)             in language  on input line 29.
Package babel Info: Redefining ngerman shorthand "|
(babel)             in language  on input line 29.
Package babel Info: Redefining ngerman shorthand "~
(babel)             in language  on input line 29.
[6]) (listings/CNF-InputFile.txt)
Underfull \hbox (badness 10000) in paragraph at lines 15--16

 []

LaTeX Font Info:    Font shape `T1/LinuxLibertineT-TOsF/m/n' will be
(Font)              scaled to size 8.0pt on input line 19.
LaTeX Font Info:    Font shape `T1/LinuxLibertineMonoT-TLF/m/n' will be
(Font)              scaled to size 8.0pt on input line 19.
Package babel Info: Redefining ngerman shorthand "|
(babel)             in language  on input line 32.
Package babel Info: Redefining ngerman shorthand "~
(babel)             in language  on input line 32.
Package babel Info: Redefining ngerman shorthand "|
(babel)             in language  on input line 32.
Package babel Info: Redefining ngerman shorthand "~
(babel)             in language  on input line 32.
[7]
LaTeX Font Info:    Font shape `T1/LinuxLibertineT-TOsF/m/n' will be
(Font)              scaled to size 9.0pt on input line 32.
LaTeX Font Info:    Font shape `T1/LinuxLibertineMonoT-TLF/m/n' will be
(Font)              scaled to size 9.0pt on input line 32.
 (listings/simple-While.c
LaTeX Font Info:    Font shape `T1/LinuxLibertineMonoT-TLF/m/it' in size <9> no
t available
(Font)              Font shape `T1/LinuxLibertineMonoT-TLF/m/sl' tried instead 
on input line 1.
LaTeX Font Info:    Font shape `T1/LinuxLibertineMonoT-TLF/m/sl' will be
(Font)              scaled to size 9.0pt on input line 1.
LaTeX Font Info:    Font shape `T1/LinuxLibertineMonoT-TLF/bx/n' in size <9> no
t available
(Font)              Font shape `T1/LinuxLibertineMonoT-TLF/b/n' tried instead o
n input line 3.
LaTeX Font Info:    Font shape `T1/LinuxLibertineMonoT-TLF/b/n' will be
(Font)              scaled to size 9.0pt on input line 3.
)) (Tage/09.06.2017.tex
Underfull \hbox (badness 10000) in paragraph at lines 15--16

 []

Package babel Info: Redefining ngerman shorthand "|
(babel)             in language  on input line 19.
Package babel Info: Redefining ngerman shorthand "~
(babel)             in language  on input line 19.
Package babel Info: Redefining ngerman shorthand "|
(babel)             in language  on input line 19.
Package babel Info: Redefining ngerman shorthand "~
(babel)             in language  on input line 19.
[8]) (Tage/14.06.2017.tex (listings/IRSwTProblem-Printer.java
Overfull \hbox (3.93596pt too wide) in paragraph at lines 2--3
[][][][][][][][][][][][][][][][][][][][][][][][][][][][][][][][][][][][][][][][
][]  
 []

)
Package babel Info: Redefining ngerman shorthand "|
(babel)             in language  on input line 16.
Package babel Info: Redefining ngerman shorthand "~
(babel)             in language  on input line 16.
Package babel Info: Redefining ngerman shorthand "|
(babel)             in language  on input line 16.
Package babel Info: Redefining ngerman shorthand "~
(babel)             in language  on input line 16.
 [9]
Underfull \hbox (badness 10000) in paragraph at lines 20--42

 []


Underfull \hbox (badness 10000) in paragraph at lines 20--42

 []


Underfull \hbox (badness 10000) in paragraph at lines 20--42

 []


Underfull \hbox (badness 10000) in paragraph at lines 20--42

 []


Underfull \hbox (badness 10000) in paragraph at lines 43--44

 []

) (Tage/15.06.2017.tex
Package babel Info: Redefining ngerman shorthand "|
(babel)             in language  on input line 7.
Package babel Info: Redefining ngerman shorthand "~
(babel)             in language  on input line 7.
Package babel Info: Redefining ngerman shorthand "|
(babel)             in language  on input line 7.
Package babel Info: Redefining ngerman shorthand "~
(babel)             in language  on input line 7.
 [10] (src/15.06.2017-IRSwTProblem-classdiagram.tex
\du=\skip60
))
(Tage/21.06.2017.tex
Package babel Info: Redefining ngerman shorthand "|
(babel)             in language  on input line 7.
Package babel Info: Redefining ngerman shorthand "~
(babel)             in language  on input line 7.
Package babel Info: Redefining ngerman shorthand "|
(babel)             in language  on input line 7.
Package babel Info: Redefining ngerman shorthand "~
(babel)             in language  on input line 7.
 [11pdfTeX warning (ext4): destination with the same identifier (name{figure.1}
) has been already used, duplicate ignored

\AtBegShi@Output ...ipout \box \AtBeginShipoutBox 
                                                  \fi \fi 
l.7 	\item e
            infgen der \emph{onlyT2.strategy}]
Underfull \hbox (badness 10000) in paragraph at lines 11--12

 []

) (Tage/22.06.2017.tex
Package babel Info: Redefining ngerman shorthand "|
(babel)             in language  on input line 5.
Package babel Info: Redefining ngerman shorthand "~
(babel)             in language  on input line 5.
Package babel Info: Redefining ngerman shorthand "|
(babel)             in language  on input line 5.
Package babel Info: Redefining ngerman shorthand "~
(babel)             in language  on input line 5.
 [12] (src/22.06.2017-GeoNonTerm-classdiagram.tex)
(src/22.06.2017-IRSwTProblem-classdiagram.tex)
Package babel Info: Redefining ngerman shorthand "|
(babel)             in language  on input line 30.
Package babel Info: Redefining ngerman shorthand "~
(babel)             in language  on input line 30.
Package babel Info: Redefining ngerman shorthand "|
(babel)             in language  on input line 30.
Package babel Info: Redefining ngerman shorthand "~
(babel)             in language  on input line 30.
 [13pdfTeX warning (ext4): destination with the same identifier (name{figure.2}
) has been already used, duplicate ignored

\AtBegShi@Output ...ipout \box \AtBeginShipoutBox 
                                                  \fi \fi 
l.30 \end{itemize}
                  ]
Underfull \hbox (badness 10000) in paragraph at lines 32--33

 []

) (Tage/28.06.2017.tex
Package babel Info: Redefining ngerman shorthand "|
(babel)             in language  on input line 1.
Package babel Info: Redefining ngerman shorthand "~
(babel)             in language  on input line 1.
Package babel Info: Redefining ngerman shorthand "|
(babel)             in language  on input line 1.
Package babel Info: Redefining ngerman shorthand "~
(babel)             in language  on input line 1.
 [14pdfTeX warning (ext4): destination with the same identifier (name{figure.3}
) has been already used, duplicate ignored

\AtBegShi@Output ...ipout \box \AtBeginShipoutBox 
                                                  \fi \fi 
l.1 \newpage
            ] (src/28.06.2017-IRSwTProblem-classdiagram.tex)
Overfull \hbox (2.52782pt too wide) in paragraph at lines 646--12
 [][] 
 []

Package babel Info: Redefining ngerman shorthand "|
(babel)             in language  on input line 15.
Package babel Info: Redefining ngerman shorthand "~
(babel)             in language  on input line 15.
Package babel Info: Redefining ngerman shorthand "|
(babel)             in language  on input line 15.
Package babel Info: Redefining ngerman shorthand "~
(babel)             in language  on input line 15.
[15] (src/28.06.2017-GeoNonTerm-classdiagram.tex)
Overfull \hbox (79.9972pt too wide) in paragraph at lines 392--19
 [][] 
 []

Package babel Info: Redefining ngerman shorthand "|
(babel)             in language  on input line 22.
Package babel Info: Redefining ngerman shorthand "~
(babel)             in language  on input line 22.
Package babel Info: Redefining ngerman shorthand "|
(babel)             in language  on input line 22.
Package babel Info: Redefining ngerman shorthand "~
(babel)             in language  on input line 22.
[16pdfTeX warning (ext4): destination with the same identifier (name{figure.4})
 has been already used, duplicate ignored

\AtBegShi@Output ...ipout \box \AtBeginShipoutBox 
                                                  \fi \fi 
l.22 	\item D
             efinieren der verschiedenen Ausgaben:]
Underfull \hbox (badness 10000) in paragraph at lines 32--33

 []

Package babel Info: Redefining ngerman shorthand "|
(babel)             in language  on input line 35.
Package babel Info: Redefining ngerman shorthand "~
(babel)             in language  on input line 35.
Package babel Info: Redefining ngerman shorthand "|
(babel)             in language  on input line 35.
Package babel Info: Redefining ngerman shorthand "~
(babel)             in language  on input line 35.
[17pdfTeX warning (ext4): destination with the same identifier (name{figure.5})
 has been already used, duplicate ignored

\AtBegShi@Output ...ipout \box \AtBeginShipoutBox 
                                                  \fi \fi 
l.35 \end{enumerate}
                    ]
Underfull \hbox (badness 10000) in paragraph at lines 37--38

 []

) (Tage/29.06.2017.tex
LaTeX Font Info:    Font shape `T1/LinuxLibertineT-TOsF/m/n' will be
(Font)              scaled to size 6.0pt on input line 9.
Package babel Info: Redefining ngerman shorthand "|
(babel)             in language  on input line 11.
Package babel Info: Redefining ngerman shorthand "~
(babel)             in language  on input line 11.
Package babel Info: Redefining ngerman shorthand "|
(babel)             in language  on input line 11.
Package babel Info: Redefining ngerman shorthand "~
(babel)             in language  on input line 11.
 [18] (src/29.06.2017-GeoNonTerm-classdiagram.tex)
Overfull \hbox (74.24788pt too wide) in paragraph at lines 979--19
 [][] 
 []

Package babel Info: Redefining ngerman shorthand "|
(babel)             in language  on input line 22.
Package babel Info: Redefining ngerman shorthand "~
(babel)             in language  on input line 22.
Package babel Info: Redefining ngerman shorthand "|
(babel)             in language  on input line 22.
Package babel Info: Redefining ngerman shorthand "~
(babel)             in language  on input line 22.
[19]
Underfull \hbox (badness 10000) in paragraph at lines 24--25

 []

Package babel Info: Redefining ngerman shorthand "|
(babel)             in language  on input line 26.
Package babel Info: Redefining ngerman shorthand "~
(babel)             in language  on input line 26.
Package babel Info: Redefining ngerman shorthand "|
(babel)             in language  on input line 26.
Package babel Info: Redefining ngerman shorthand "~
(babel)             in language  on input line 26.
[20pdfTeX warning (ext4): destination with the same identifier (name{figure.6})
 has been already used, duplicate ignored

\AtBegShi@Output ...ipout \box \AtBeginShipoutBox 
                                                  \fi \fi 
l.26 	\item B
             ekomme es nicht in den Baum geparst. \answer doch.])
(Tage/04.07.2017.tex
Package babel Info: Redefining ngerman shorthand "|
(babel)             in language  on input line 39.
Package babel Info: Redefining ngerman shorthand "~
(babel)             in language  on input line 39.
Package babel Info: Redefining ngerman shorthand "|
(babel)             in language  on input line 39.
Package babel Info: Redefining ngerman shorthand "~
(babel)             in language  on input line 39.
 [21] (src/04.07.2017-RPNTree-classdiagram.tex)
Package babel Info: Redefining ngerman shorthand "|
(babel)             in language  on input line 63.
Package babel Info: Redefining ngerman shorthand "~
(babel)             in language  on input line 63.
Package babel Info: Redefining ngerman shorthand "|
(babel)             in language  on input line 63.
Package babel Info: Redefining ngerman shorthand "~
(babel)             in language  on input line 63.
 [22]
(src/04.07.2017-GeoNonTerm-classdiagram.tex)
Overfull \hbox (209.19502pt too wide) in paragraph at lines 622--67
 [][] 
 []

Package babel Info: Redefining ngerman shorthand "|
(babel)             in language  on input line 70.
Package babel Info: Redefining ngerman shorthand "~
(babel)             in language  on input line 70.
Package babel Info: Redefining ngerman shorthand "|
(babel)             in language  on input line 70.
Package babel Info: Redefining ngerman shorthand "~
(babel)             in language  on input line 70.
[23pdfTeX warning (ext4): destination with the same identifier (name{figure.7})
 has been already used, duplicate ignored

\AtBegShi@Output ...ipout \box \AtBeginShipoutBox 
                                                  \fi \fi 
l.70 \end{itemize}
                  ]
Underfull \hbox (badness 10000) in paragraph at lines 72--73

 []

) (Tage/06.07.2017.tex
Package babel Info: Redefining ngerman shorthand "|
(babel)             in language  on input line 5.
Package babel Info: Redefining ngerman shorthand "~
(babel)             in language  on input line 5.
Package babel Info: Redefining ngerman shorthand "|
(babel)             in language  on input line 5.
Package babel Info: Redefining ngerman shorthand "~
(babel)             in language  on input line 5.
 [24pdfTeX warning (ext4): destination with the same identifier (name{figure.8}
) has been already used, duplicate ignored

\AtBegShi@Output ...ipout \box \AtBeginShipoutBox 
                                                  \fi \fi 
l.5 	\item B
            erechnung der Iterationmatrix $A$ und der Iterationskonstanten $...
]) (Tage/07.07.2017.tex
Overfull \hbox (23.95201pt too wide) in paragraph at lines 5--25
\T1/LinuxLibertineT-TOsF/m/n/10.95 (-20) Demnach ms-sen die kor-re-spon-die-re
n-den \T1/LinuxLibertineMonoT-TLF/m/n/10.95 Y \T1/LinuxLibertineT-TOsF/m/n/10.9
5 (-20) an-ge-passt wer-den. $\OML/cmm/m/it/10.95 A \OMS/cmsy/m/n/10.95  [] \O
T1/cmr/m/n/10.95 =
 []

Package babel Info: Redefining ngerman shorthand "|
(babel)             in language  on input line 25.
Package babel Info: Redefining ngerman shorthand "~
(babel)             in language  on input line 25.
Package babel Info: Redefining ngerman shorthand "|
(babel)             in language  on input line 25.
Package babel Info: Redefining ngerman shorthand "~
(babel)             in language  on input line 25.
[25]
Package babel Info: Redefining ngerman shorthand "|
(babel)             in language  on input line 39.
Package babel Info: Redefining ngerman shorthand "~
(babel)             in language  on input line 39.
Package babel Info: Redefining ngerman shorthand "|
(babel)             in language  on input line 39.
Package babel Info: Redefining ngerman shorthand "~
(babel)             in language  on input line 39.
 [26]
Overfull \hbox (6.69946pt too wide) in paragraph at lines 42--43
[]\T1/LinuxLibertineT-TOsF/m/n/10.95 (-20) Point: {{-1,-1,0,0},{3,1,-1,0},{0,2,
0,-1},{-3,-1,1,0},{0,-2,0,1}}*{3,1,10,2}<={-4,0,0,0,0} 
 []


Overfull \hbox (16.68147pt too wide) in paragraph at lines 43--44
[]\T1/LinuxLibertineT-TOsF/m/n/10.95 (-20) Ray 1: {{-1,-1,0,0},{3,1,-1,0},{0,2,
0,-1},{-3,-1,1,0},{0,-2,0,1}}*{a,b,3*a,3*b}<={0,0,0,0,0} 
 []


Overfull \hbox (27.49457pt too wide) in paragraph at lines 44--45
[]\T1/LinuxLibertineT-TOsF/m/n/10.95 (-20) Ray 2: {{-1,-1,0,0},{3,1,-1,0},{0,2,
0,-1},{-3,-1,1,0},{0,-2,0,1}}*{3,1,2*3+4,2*1}<={0,0,0,0,0} 
 []


Underfull \hbox (badness 10000) in paragraph at lines 52--53

 []

))
Package babel Info: Redefining ngerman shorthand "|
(babel)             in language  on input line 96.
Package babel Info: Redefining ngerman shorthand "~
(babel)             in language  on input line 96.
Package babel Info: Redefining ngerman shorthand "|
(babel)             in language  on input line 96.
Package babel Info: Redefining ngerman shorthand "~
(babel)             in language  on input line 96.
 [27]
Package atveryend Info: Empty hook `BeforeClearDocument' on input line 96.
Package atveryend Info: Empty hook `AfterLastShipout' on input line 96.
 (Arbeitstagebuch.aux)
Package atveryend Info: Executing hook `AtVeryEndDocument' on input line 96.
Package atveryend Info: Executing hook `AtEndAfterFileList' on input line 96.
Package rerunfilecheck Info: File `Arbeitstagebuch.out' has not changed.
(rerunfilecheck)             Checksum: D41D8CD98F00B204E9800998ECF8427E;0.
Package atveryend Info: Empty hook `AtVeryVeryEnd' on input line 96.
 )
(\end occurred inside a group at level 1)

### semi simple group (level 1) entered at line 87 (\begingroup)
### bottom level 
Here is how much of TeX's memory you used:
 26228 strings out of 493333
 478624 string characters out of 3144357
 696113 words of memory out of 3000000
 28811 multiletter control sequences out of 15000+200000
 98457 words of font info for 181 fonts, out of 3000000 for 9000
 1141 hyphenation exceptions out of 8191
 64i,14n,90p,8852b,2200s stack positions out of 5000i,500n,10000p,200000b,50000s
{C:/Users/Timo Bergerbusch/AppData/Roaming/MiKTeX/2.9/fonts/enc
/dvips/libertine/lbtn_d6jdyt.enc}{C:/Users/Timo Bergerbusch/AppData/Roaming/MiK
TeX/2.9/fonts/enc/dvips/libertine/lbtn_hj4mhx.enc}{C:/Users/Timo Bergerbusch/Ap
pData/Roaming/MiKTeX/2.9/fonts/enc/dvips/libertine/lbtn_naooyc.enc}{C:/Users/Ti
mo Bergerbusch/AppData/Roaming/MiKTeX/2.9/fonts/enc/dvips/libertine/lbtn_oie7e6
.enc}{C:/Users/Timo Bergerbusch/AppData/Roaming/MiKTeX/2.9/fonts/enc/dvips/libe
rtine/lbtn_v2xmgd.enc}{C:/Users/Timo Bergerbusch/AppData/Roaming/MiKTeX/2.9/fon
ts/enc/dvips/libertine/lbtn_mx3chd.enc}<C:/Users/Timo Bergerbusch/AppData/Roami
ng/MiKTeX/2.9/fonts/type1/public/libertine/LinBiolinumTB.pfb><C:/Users/Timo Ber
gerbusch/AppData/Roaming/MiKTeX/2.9/fonts/type1/public/libertine/LinLibertineMT
.pfb><C:/Users/Timo Bergerbusch/AppData/Roaming/MiKTeX/2.9/fonts/type1/public/l
ibertine/LinLibertineMTB.pfb><C:/Users/Timo Bergerbusch/AppData/Roaming/MiKTeX/
2.9/fonts/type1/public/libertine/LinLibertineMTO.pfb><C:/Users/Timo Bergerbusch
/AppData/Roaming/MiKTeX/2.9/fonts/type1/public/libertine/LinLibertineT.pfb><C:/
Users/Timo Bergerbusch/AppData/Roaming/MiKTeX/2.9/fonts/type1/public/libertine/
LinLibertineTB.pfb><C:/Users/Timo Bergerbusch/AppData/Roaming/MiKTeX/2.9/fonts/
type1/public/libertine/LinLibertineTI.pfb><D:/Tools/MikTex/fonts/type1/public/a
msfonts/cm/cmex10.pfb><D:/Tools/MikTex/fonts/type1/public/amsfonts/cm/cmmi10.pf
b><D:/Tools/MikTex/fonts/type1/public/amsfonts/cm/cmmi8.pfb><D:/Tools/MikTex/fo
nts/type1/public/amsfonts/cm/cmr10.pfb><D:/Tools/MikTex/fonts/type1/public/amsf
onts/cm/cmr8.pfb><D:/Tools/MikTex/fonts/type1/public/amsfonts/cm/cmsy10.pfb><D:
/Tools/MikTex/fonts/type1/public/amsfonts/cm/cmsy8.pfb><D:/Tools/MikTex/fonts/t
ype1/public/amsfonts/symbols/msbm10.pfb>
Output written on Arbeitstagebuch.pdf (27 pages, 570527 bytes).
PDF statistics:
 430 PDF objects out of 1000 (max. 8388607)
 219 named destinations out of 1000 (max. 500000)
 25601 words of extra memory for PDF output out of 29859 (max. 10000000)

